2020-08-31 05:56:29,732:INFO:PyCaret Classification Module
2020-08-31 05:56:29,733:INFO:version 2.0
2020-08-31 05:56:29,733:INFO:Initializing setup()
2020-08-31 05:56:29,733:INFO:USI: f48c
2020-08-31 05:56:29,733:INFO:setup(data=(1070, 19), target=Purchase, train_size=0.7, sampling=True, sample_estimator=None, categorical_features=None, categorical_imputation=constant, ordinal_features=None,
                    high_cardinality_features=None, high_cardinality_method=frequency, numeric_features=None, numeric_imputation=mean, date_features=None, ignore_features=None, normalize=False,
                    normalize_method=zscore, transformation=False, transformation_method=yeo-johnson, handle_unknown_categorical=True, unknown_categorical_method=least_frequent, pca=False, pca_method=linear,
                    pca_components=None, ignore_low_variance=False, combine_rare_levels=False, rare_level_threshold=0.1, bin_numeric_features=None, remove_outliers=False, outliers_threshold=0.05,
                    remove_multicollinearity=False, multicollinearity_threshold=0.9, remove_perfect_collinearity=False, create_clusters=False, cluster_iter=20,
                    polynomial_features=False, polynomial_degree=2, trigonometry_features=False, polynomial_threshold=0.1, group_features=None,
                    group_names=None, feature_selection=False, feature_selection_threshold=0.8, feature_interaction=False, feature_ratio=False, interaction_threshold=0.01,
                    fix_imbalance=False, fix_imbalance_method=None, data_split_shuffle=True, folds_shuffle=False, n_jobs=-1, html=True, session_id=123, log_experiment=True,
                    experiment_name=juice1, log_plots=False, log_profile=False, log_data=False, silent=False, verbose=True, profile=False)
2020-08-31 05:56:29,733:INFO:Checking environment
2020-08-31 05:56:29,733:INFO:python_version: 3.7.3
2020-08-31 05:56:29,733:INFO:python_build: ('default', 'Jun 11 2019 01:11:15')
2020-08-31 05:56:29,733:INFO:machine: x86_64
2020-08-31 05:56:29,734:INFO:platform: Linux-4.19.76+-x86_64-with-debian-9.12
2020-08-31 05:56:29,737:WARNING:cannot find psutil installation. memory not traceable. Install psutil using pip to enable memory logging. 
2020-08-31 05:56:29,737:INFO:Checking libraries
2020-08-31 05:56:29,737:INFO:pd==1.0.5
2020-08-31 05:56:29,737:INFO:numpy==1.19.0
2020-08-31 05:56:30,619:INFO:sklearn==0.23.1
2020-08-31 05:56:30,817:INFO:xgboost==1.2.0
2020-08-31 05:56:30,873:INFO:lightgbm==2.3.1
2020-08-31 05:56:30,951:INFO:catboost==0.24
2020-08-31 05:56:31,829:INFO:mlflow==1.10.0
2020-08-31 05:56:31,830:INFO:Checking Exceptions
2020-08-31 05:56:31,830:INFO:Preloading libraries
2020-08-31 05:56:31,830:INFO:Preparing display monitor
2020-08-31 05:56:31,866:INFO:Importing libraries
2020-08-31 05:56:33,156:INFO:Copying data for preprocessing
2020-08-31 05:56:33,157:INFO:Declaring global variables
2020-08-31 05:56:33,188:INFO:Declaring preprocessing parameters
2020-08-31 05:56:33,188:INFO:Importing preprocessing module
2020-08-31 05:56:34,490:INFO:Creating preprocessing pipeline
2020-08-31 06:14:04,337:INFO:PyCaret Classification Module
2020-08-31 06:14:04,337:INFO:version 2.1.1
2020-08-31 06:14:04,337:INFO:Initializing setup()
2020-08-31 06:14:04,337:INFO:USI: fa44
2020-08-31 06:14:04,338:INFO:setup(data=(1070, 19), target=Purchase, train_size=0.7, sampling=True, sample_estimator=None, categorical_features=None, categorical_imputation=constant, ordinal_features=None,
                    high_cardinality_features=None, high_cardinality_method=frequency, numeric_features=None, numeric_imputation=mean, date_features=None, ignore_features=None, normalize=False,
                    normalize_method=zscore, transformation=False, transformation_method=yeo-johnson, handle_unknown_categorical=True, unknown_categorical_method=least_frequent, pca=False, pca_method=linear,
                    pca_components=None, ignore_low_variance=False, combine_rare_levels=False, rare_level_threshold=0.1, bin_numeric_features=None, remove_outliers=False, outliers_threshold=0.05,
                    remove_multicollinearity=False, multicollinearity_threshold=0.9, remove_perfect_collinearity=False, create_clusters=False, cluster_iter=20,
                    polynomial_features=False, polynomial_degree=2, trigonometry_features=False, polynomial_threshold=0.1, group_features=None,
                    group_names=None, feature_selection=False, feature_selection_threshold=0.8, feature_interaction=False, feature_ratio=False, interaction_threshold=0.01,
                    fix_imbalance=False, fix_imbalance_method=None, data_split_shuffle=True, folds_shuffle=False, n_jobs=-1, html=True, session_id=123, log_experiment=True,
                    experiment_name=juice1, log_plots=False, log_profile=False, log_data=False, silent=False, verbose=True, profile=False)
2020-08-31 06:14:04,338:INFO:Checking environment
2020-08-31 06:14:04,338:INFO:python_version: 3.7.3
2020-08-31 06:14:04,338:INFO:python_build: ('default', 'Jun 11 2019 01:11:15')
2020-08-31 06:14:04,338:INFO:machine: x86_64
2020-08-31 06:14:04,339:INFO:platform: Linux-4.19.76+-x86_64-with-debian-9.12
2020-08-31 06:14:04,340:WARNING:cannot find psutil installation. memory not traceable. Install psutil using pip to enable memory logging. 
2020-08-31 06:14:04,340:INFO:Checking libraries
2020-08-31 06:14:04,340:INFO:pd==1.0.5
2020-08-31 06:14:04,340:INFO:numpy==1.19.0
2020-08-31 06:14:06,224:INFO:sklearn==0.23.1
2020-08-31 06:14:07,026:INFO:xgboost==1.2.0
2020-08-31 06:14:07,331:INFO:lightgbm==2.3.1
2020-08-31 06:14:07,422:INFO:catboost==0.24.1
2020-08-31 06:14:08,299:INFO:mlflow==1.10.0
2020-08-31 06:14:08,300:INFO:Checking Exceptions
2020-08-31 06:14:08,300:INFO:Preloading libraries
2020-08-31 06:14:08,300:INFO:Preparing display monitor
2020-08-31 06:14:08,331:INFO:Importing libraries
2020-08-31 06:14:10,721:INFO:Declaring global variables
2020-08-31 06:14:10,721:INFO:Copying data for preprocessing
2020-08-31 06:14:10,742:INFO:Declaring preprocessing parameters
2020-08-31 06:14:10,742:INFO:Importing preprocessing module
2020-08-31 06:14:13,181:INFO:Creating preprocessing pipeline
2020-08-31 06:33:46,445:INFO:PyCaret Classification Module
2020-08-31 06:33:46,445:INFO:version 2.1.1
2020-08-31 06:33:46,445:INFO:Initializing setup()
2020-08-31 06:33:46,446:INFO:USI: 0257
2020-08-31 06:33:46,446:INFO:setup(data=(1070, 19), target=Purchase, train_size=0.7, sampling=True, sample_estimator=None, categorical_features=None, categorical_imputation=constant, ordinal_features=None,
                    high_cardinality_features=None, high_cardinality_method=frequency, numeric_features=None, numeric_imputation=mean, date_features=None, ignore_features=None, normalize=False,
                    normalize_method=zscore, transformation=False, transformation_method=yeo-johnson, handle_unknown_categorical=True, unknown_categorical_method=least_frequent, pca=False, pca_method=linear,
                    pca_components=None, ignore_low_variance=False, combine_rare_levels=False, rare_level_threshold=0.1, bin_numeric_features=None, remove_outliers=False, outliers_threshold=0.05,
                    remove_multicollinearity=False, multicollinearity_threshold=0.9, remove_perfect_collinearity=False, create_clusters=False, cluster_iter=20,
                    polynomial_features=False, polynomial_degree=2, trigonometry_features=False, polynomial_threshold=0.1, group_features=None,
                    group_names=None, feature_selection=False, feature_selection_threshold=0.8, feature_interaction=False, feature_ratio=False, interaction_threshold=0.01,
                    fix_imbalance=False, fix_imbalance_method=None, data_split_shuffle=True, folds_shuffle=False, n_jobs=-1, html=True, session_id=123, log_experiment=True,
                    experiment_name=juice1, log_plots=False, log_profile=False, log_data=False, silent=False, verbose=True, profile=False)
2020-08-31 06:33:46,446:INFO:Checking environment
2020-08-31 06:33:46,446:INFO:python_version: 3.7.3
2020-08-31 06:33:46,446:INFO:python_build: ('default', 'Jun 11 2019 01:11:15')
2020-08-31 06:33:46,446:INFO:machine: x86_64
2020-08-31 06:33:46,447:INFO:platform: Linux-4.19.76+-x86_64-with-debian-9.12
2020-08-31 06:33:46,447:WARNING:cannot find psutil installation. memory not traceable. Install psutil using pip to enable memory logging. 
2020-08-31 06:33:46,447:INFO:Checking libraries
2020-08-31 06:33:46,447:INFO:pd==1.0.5
2020-08-31 06:33:46,447:INFO:numpy==1.19.0
2020-08-31 06:33:48,063:INFO:sklearn==0.23.1
2020-08-31 06:33:48,131:INFO:xgboost==1.2.0
2020-08-31 06:33:48,445:INFO:lightgbm==2.3.1
2020-08-31 06:33:48,562:INFO:catboost==0.24.1
2020-08-31 06:33:50,134:INFO:mlflow==1.10.0
2020-08-31 06:33:50,137:INFO:Checking Exceptions
2020-08-31 06:33:50,137:INFO:Preloading libraries
2020-08-31 06:33:50,137:INFO:Preparing display monitor
2020-08-31 06:33:50,171:INFO:Importing libraries
2020-08-31 06:33:51,396:INFO:Declaring global variables
2020-08-31 06:33:51,396:INFO:Copying data for preprocessing
2020-08-31 06:33:51,415:INFO:Declaring preprocessing parameters
2020-08-31 06:33:51,415:INFO:Importing preprocessing module
2020-08-31 06:33:52,130:INFO:Creating preprocessing pipeline
2020-08-31 06:52:00,665:INFO:PyCaret Classification Module
2020-08-31 06:52:00,665:INFO:version 2.1.1
2020-08-31 06:52:00,665:INFO:Initializing setup()
2020-08-31 06:52:00,665:INFO:USI: 1515
2020-08-31 06:52:00,665:INFO:setup(data=(1070, 19), target=Purchase, train_size=0.7, sampling=True, sample_estimator=None, categorical_features=None, categorical_imputation=constant, ordinal_features=None,
                    high_cardinality_features=None, high_cardinality_method=frequency, numeric_features=None, numeric_imputation=mean, date_features=None, ignore_features=None, normalize=False,
                    normalize_method=zscore, transformation=False, transformation_method=yeo-johnson, handle_unknown_categorical=True, unknown_categorical_method=least_frequent, pca=False, pca_method=linear,
                    pca_components=None, ignore_low_variance=False, combine_rare_levels=False, rare_level_threshold=0.1, bin_numeric_features=None, remove_outliers=False, outliers_threshold=0.05,
                    remove_multicollinearity=False, multicollinearity_threshold=0.9, remove_perfect_collinearity=False, create_clusters=False, cluster_iter=20,
                    polynomial_features=False, polynomial_degree=2, trigonometry_features=False, polynomial_threshold=0.1, group_features=None,
                    group_names=None, feature_selection=False, feature_selection_threshold=0.8, feature_interaction=False, feature_ratio=False, interaction_threshold=0.01,
                    fix_imbalance=False, fix_imbalance_method=None, data_split_shuffle=True, folds_shuffle=False, n_jobs=-1, html=True, session_id=123, log_experiment=True,
                    experiment_name=juice1, log_plots=False, log_profile=False, log_data=False, silent=False, verbose=True, profile=False)
2020-08-31 06:52:00,665:INFO:Checking environment
2020-08-31 06:52:00,665:INFO:python_version: 3.7.3
2020-08-31 06:52:00,666:INFO:python_build: ('default', 'Jun 11 2019 01:11:15')
2020-08-31 06:52:00,666:INFO:machine: x86_64
2020-08-31 06:52:00,667:INFO:platform: Linux-4.19.76+-x86_64-with-debian-9.12
2020-08-31 06:52:00,669:WARNING:cannot find psutil installation. memory not traceable. Install psutil using pip to enable memory logging. 
2020-08-31 06:52:00,669:INFO:Checking libraries
2020-08-31 06:52:00,669:INFO:pd==1.0.5
2020-08-31 06:52:00,669:INFO:numpy==1.19.0
2020-08-31 06:52:01,406:INFO:sklearn==0.23.1
2020-08-31 06:52:01,497:INFO:xgboost==1.2.0
2020-08-31 06:52:01,641:INFO:lightgbm==2.3.1
2020-08-31 06:52:01,772:INFO:catboost==0.24.1
2020-08-31 06:52:02,840:INFO:mlflow==1.10.0
2020-08-31 06:52:02,841:INFO:Checking Exceptions
2020-08-31 06:52:02,841:INFO:Preloading libraries
2020-08-31 06:52:02,841:INFO:Preparing display monitor
2020-08-31 06:52:02,870:INFO:Importing libraries
2020-08-31 06:52:04,257:INFO:Declaring global variables
2020-08-31 06:52:04,257:INFO:Copying data for preprocessing
2020-08-31 06:52:04,276:INFO:Declaring preprocessing parameters
2020-08-31 06:52:04,276:INFO:Importing preprocessing module
2020-08-31 06:52:05,924:INFO:Creating preprocessing pipeline
2020-08-31 07:08:13,458:INFO:PyCaret Classification Module
2020-08-31 07:08:13,458:INFO:version 2.1.1
2020-08-31 07:08:13,458:INFO:Initializing setup()
2020-08-31 07:08:13,458:INFO:USI: 7009
2020-08-31 07:08:13,458:INFO:setup(data=(1070, 19), target=Purchase, train_size=0.7, sampling=True, sample_estimator=None, categorical_features=None, categorical_imputation=constant, ordinal_features=None,
                    high_cardinality_features=None, high_cardinality_method=frequency, numeric_features=None, numeric_imputation=mean, date_features=None, ignore_features=None, normalize=False,
                    normalize_method=zscore, transformation=False, transformation_method=yeo-johnson, handle_unknown_categorical=True, unknown_categorical_method=least_frequent, pca=False, pca_method=linear,
                    pca_components=None, ignore_low_variance=False, combine_rare_levels=False, rare_level_threshold=0.1, bin_numeric_features=None, remove_outliers=False, outliers_threshold=0.05,
                    remove_multicollinearity=False, multicollinearity_threshold=0.9, remove_perfect_collinearity=False, create_clusters=False, cluster_iter=20,
                    polynomial_features=False, polynomial_degree=2, trigonometry_features=False, polynomial_threshold=0.1, group_features=None,
                    group_names=None, feature_selection=False, feature_selection_threshold=0.8, feature_interaction=False, feature_ratio=False, interaction_threshold=0.01,
                    fix_imbalance=False, fix_imbalance_method=None, data_split_shuffle=True, folds_shuffle=False, n_jobs=-1, html=True, session_id=123, log_experiment=True,
                    experiment_name=juice1, log_plots=False, log_profile=False, log_data=False, silent=False, verbose=True, profile=False)
2020-08-31 07:08:13,458:INFO:Checking environment
2020-08-31 07:08:13,458:INFO:python_version: 3.7.3
2020-08-31 07:08:13,458:INFO:python_build: ('default', 'Jun 11 2019 01:11:15')
2020-08-31 07:08:13,459:INFO:machine: x86_64
2020-08-31 07:08:13,459:INFO:platform: Linux-4.19.76+-x86_64-with-debian-9.12
2020-08-31 07:08:13,461:WARNING:cannot find psutil installation. memory not traceable. Install psutil using pip to enable memory logging. 
2020-08-31 07:08:13,461:INFO:Checking libraries
2020-08-31 07:08:13,461:INFO:pd==1.0.5
2020-08-31 07:08:13,461:INFO:numpy==1.19.0
2020-08-31 07:08:13,461:INFO:sklearn==0.23.1
2020-08-31 07:08:13,461:INFO:xgboost==1.2.0
2020-08-31 07:08:13,461:INFO:lightgbm==2.3.1
2020-08-31 07:08:13,461:INFO:catboost==0.24.1
2020-08-31 07:08:13,461:INFO:mlflow==1.10.0
2020-08-31 07:08:13,461:INFO:Checking Exceptions
2020-08-31 07:08:13,462:INFO:Preloading libraries
2020-08-31 07:08:13,462:INFO:Preparing display monitor
2020-08-31 07:08:13,493:INFO:Importing libraries
2020-08-31 07:08:13,549:INFO:Declaring global variables
2020-08-31 07:08:13,549:INFO:Copying data for preprocessing
2020-08-31 07:08:13,568:INFO:Declaring preprocessing parameters
2020-08-31 07:08:13,569:INFO:Importing preprocessing module
2020-08-31 07:08:13,569:INFO:Creating preprocessing pipeline
