2020-08-24 16:23:10,118:INFO:PyCaret Regression Module
2020-08-24 16:23:10,118:INFO:version 2.0
2020-08-24 16:23:10,118:INFO:Initializing setup()
2020-08-24 16:23:10,118:INFO:USI: 05b5
2020-08-24 16:23:10,118:INFO:setup(data=(5400, 8), target=Price, train_size=0.7, sampling=True, sample_estimator=None, categorical_features=None, categorical_imputation=constant, ordinal_features=None,
                    high_cardinality_features=None, high_cardinality_method=frequency, numeric_features=None, numeric_imputation=mean, date_features=None, ignore_features=None, normalize=False,
                    normalize_method=zscore, transformation=False, transformation_method=yeo-johnson, handle_unknown_categorical=True, unknown_categorical_method=least_frequent, pca=False, pca_method=linear,
                    pca_components=None, ignore_low_variance=False, combine_rare_levels=False, rare_level_threshold=0.1, bin_numeric_features=None, remove_outliers=False, outliers_threshold=0.05,
                    remove_multicollinearity=False, multicollinearity_threshold=0.9, remove_perfect_collinearity=False, create_clusters=False, cluster_iter=20,
                    polynomial_features=False, polynomial_degree=2, trigonometry_features=False, polynomial_threshold=0.1, group_features=None,
                    group_names=None, feature_selection=False, feature_selection_threshold=0.8, feature_interaction=False, feature_ratio=False, interaction_threshold=0.01, transform_target=False,
                    transform_target_method=box-cox, data_split_shuffle=True, folds_shuffle=False, n_jobs=-1, html=True, session_id=None, log_experiment=False,
                    experiment_name=None, log_plots=False, log_profile=False, log_data=False, silent=False, verbose=True, profile=False)
2020-08-24 16:23:10,118:INFO:Checking environment
2020-08-24 16:23:10,118:INFO:python_version: 3.7.3
2020-08-24 16:23:10,118:INFO:python_build: ('default', 'Jun 11 2019 01:11:15')
2020-08-24 16:23:10,118:INFO:machine: x86_64
2020-08-24 16:23:10,119:INFO:platform: Linux-4.19.76+-x86_64-with-debian-9.12
2020-08-24 16:23:10,121:WARNING:cannot find psutil installation. memory not traceable. Install psutil using pip to enable memory logging. 
2020-08-24 16:23:10,121:INFO:Checking libraries
2020-08-24 16:23:10,121:INFO:pd==1.0.5
2020-08-24 16:23:10,121:INFO:numpy==1.19.0
2020-08-24 16:23:11,118:INFO:sklearn==0.23.1
2020-08-24 16:23:11,507:INFO:xgboost==1.2.0
2020-08-24 16:23:11,960:INFO:lightgbm==2.3.1
2020-08-24 16:23:12,065:INFO:catboost==0.24
2020-08-24 16:23:13,151:INFO:mlflow==1.10.0
2020-08-24 16:23:13,153:INFO:Checking Exceptions
2020-08-24 16:23:13,153:INFO:Preloading libraries
2020-08-24 16:23:13,153:INFO:Preparing display monitor
2020-08-24 16:23:13,199:INFO:Importing libraries
2020-08-24 16:23:16,304:INFO:Copying data for preprocessing
2020-08-24 16:23:16,305:INFO:Declaring global variables
2020-08-24 16:23:16,337:INFO:Declaring preprocessing parameters
2020-08-24 16:23:16,338:INFO:Importing preprocessing module
2020-08-24 16:23:19,496:INFO:Creating preprocessing pipeline
2020-08-24 16:23:37,710:INFO:Preprocessing pipeline created successfully
2020-08-24 16:23:37,712:INFO:No inverse transformer found
2020-08-24 16:23:37,712:INFO:Creating grid variables
2020-08-24 16:23:37,720:INFO:Creating global containers
2020-08-24 16:23:38,098:INFO:create_model_container: 0
2020-08-24 16:23:38,098:INFO:master_model_container: 0
2020-08-24 16:23:38,098:INFO:display_container: 0
2020-08-24 16:23:38,098:INFO:setup() succesfully completed......................................
2020-08-24 16:24:30,938:INFO:Initializing compare_models()
2020-08-24 16:24:30,938:INFO:compare_models(blacklist=None, whitelist=None, fold=10, round=4, sort=R2, n_select=1, turbo=True, verbose=True)
2020-08-24 16:24:30,938:INFO:Checking exceptions
2020-08-24 16:24:30,938:INFO:Preloading libraries
2020-08-24 16:24:30,938:INFO:Preparing display monitor
2020-08-24 16:24:31,432:INFO:Copying training dataset
2020-08-24 16:24:31,447:INFO:Importing libraries
2020-08-24 16:24:31,643:INFO:Importing untrained models
2020-08-24 16:24:31,644:INFO:Import successful
2020-08-24 16:24:31,705:INFO:Defining folds
2020-08-24 16:24:31,706:INFO:Declaring metric variables
2020-08-24 16:24:31,706:INFO:Initializing Linear Regression
2020-08-24 16:24:31,741:INFO:Initializing Fold 1
2020-08-24 16:24:31,805:INFO:Fitting Model
2020-08-24 16:24:31,833:INFO:Evaluating Metrics
2020-08-24 16:24:31,841:INFO:No inverse transformer found
2020-08-24 16:24:31,841:INFO:Compiling Metrics
2020-08-24 16:24:31,973:INFO:Initializing Fold 2
2020-08-24 16:24:32,030:INFO:Fitting Model
2020-08-24 16:24:32,061:INFO:Evaluating Metrics
2020-08-24 16:24:32,112:INFO:No inverse transformer found
2020-08-24 16:24:32,113:INFO:Compiling Metrics
2020-08-24 16:24:32,263:INFO:Initializing Fold 3
2020-08-24 16:24:32,310:INFO:Fitting Model
2020-08-24 16:24:32,323:INFO:Evaluating Metrics
2020-08-24 16:24:32,336:INFO:No inverse transformer found
2020-08-24 16:24:32,337:INFO:Compiling Metrics
2020-08-24 16:24:32,404:INFO:Initializing Fold 4
2020-08-24 16:24:32,503:INFO:Fitting Model
2020-08-24 16:24:32,536:INFO:Evaluating Metrics
2020-08-24 16:24:32,579:INFO:No inverse transformer found
2020-08-24 16:24:32,579:INFO:Compiling Metrics
2020-08-24 16:24:32,630:INFO:Initializing Fold 5
2020-08-24 16:24:32,676:INFO:Fitting Model
2020-08-24 16:24:32,704:INFO:Evaluating Metrics
2020-08-24 16:24:32,740:INFO:No inverse transformer found
2020-08-24 16:24:32,741:INFO:Compiling Metrics
2020-08-24 16:24:32,895:INFO:Initializing Fold 6
2020-08-24 16:24:33,054:INFO:Fitting Model
2020-08-24 16:24:33,093:INFO:Evaluating Metrics
2020-08-24 16:24:33,143:INFO:No inverse transformer found
2020-08-24 16:24:33,143:INFO:Compiling Metrics
2020-08-24 16:24:33,274:INFO:Initializing Fold 7
2020-08-24 16:24:33,461:INFO:Fitting Model
2020-08-24 16:24:33,626:INFO:Evaluating Metrics
2020-08-24 16:24:33,695:INFO:No inverse transformer found
2020-08-24 16:24:33,695:INFO:Compiling Metrics
2020-08-24 16:24:33,827:INFO:Initializing Fold 8
2020-08-24 16:24:33,942:INFO:Fitting Model
2020-08-24 16:24:34,138:INFO:Evaluating Metrics
2020-08-24 16:24:34,165:INFO:No inverse transformer found
2020-08-24 16:24:34,165:INFO:Compiling Metrics
2020-08-24 16:24:34,366:INFO:Initializing Fold 9
2020-08-24 16:24:34,493:INFO:Fitting Model
2020-08-24 16:24:34,639:INFO:Evaluating Metrics
2020-08-24 16:24:34,720:INFO:No inverse transformer found
2020-08-24 16:24:34,723:INFO:Compiling Metrics
2020-08-24 16:24:34,860:INFO:Initializing Fold 10
2020-08-24 16:24:34,906:INFO:Fitting Model
2020-08-24 16:24:34,926:INFO:Evaluating Metrics
2020-08-24 16:24:34,950:INFO:No inverse transformer found
2020-08-24 16:24:34,950:INFO:Compiling Metrics
2020-08-24 16:24:35,079:INFO:Calculating mean and std
2020-08-24 16:24:35,079:INFO:Creating metrics dataframe
2020-08-24 16:24:35,187:INFO:Initializing Lasso Regression
2020-08-24 16:24:35,247:INFO:Initializing Fold 1
2020-08-24 16:24:35,297:INFO:Fitting Model
2020-08-24 16:24:35,688:INFO:Evaluating Metrics
2020-08-24 16:24:35,748:INFO:No inverse transformer found
2020-08-24 16:24:35,748:INFO:Compiling Metrics
2020-08-24 16:24:35,943:INFO:Initializing Fold 2
2020-08-24 16:24:35,981:INFO:Fitting Model
2020-08-24 16:24:36,162:INFO:Evaluating Metrics
2020-08-24 16:24:36,208:INFO:No inverse transformer found
2020-08-24 16:24:36,208:INFO:Compiling Metrics
2020-08-24 16:24:36,340:INFO:Initializing Fold 3
2020-08-24 16:24:36,388:INFO:Fitting Model
2020-08-24 16:24:37,241:INFO:Evaluating Metrics
2020-08-24 16:24:37,265:INFO:No inverse transformer found
2020-08-24 16:24:37,265:INFO:Compiling Metrics
2020-08-24 16:24:37,393:INFO:Initializing Fold 4
2020-08-24 16:24:37,510:INFO:Fitting Model
2020-08-24 16:24:38,075:INFO:Evaluating Metrics
2020-08-24 16:24:38,152:INFO:No inverse transformer found
2020-08-24 16:24:38,152:INFO:Compiling Metrics
2020-08-24 16:24:38,271:INFO:Initializing Fold 5
2020-08-24 16:24:38,350:INFO:Fitting Model
2020-08-24 16:24:39,191:INFO:Evaluating Metrics
2020-08-24 16:24:39,248:INFO:No inverse transformer found
2020-08-24 16:24:39,248:INFO:Compiling Metrics
2020-08-24 16:24:39,344:INFO:Initializing Fold 6
2020-08-24 16:24:39,432:INFO:Fitting Model
2020-08-24 16:24:40,215:INFO:Evaluating Metrics
2020-08-24 16:24:40,235:INFO:No inverse transformer found
2020-08-24 16:24:40,235:INFO:Compiling Metrics
2020-08-24 16:24:40,416:INFO:Initializing Fold 7
2020-08-24 16:24:40,535:INFO:Fitting Model
2020-08-24 16:24:41,194:INFO:Evaluating Metrics
2020-08-24 16:24:41,298:INFO:No inverse transformer found
2020-08-24 16:24:41,298:INFO:Compiling Metrics
2020-08-24 16:24:41,413:INFO:Initializing Fold 8
2020-08-24 16:24:41,455:INFO:Fitting Model
2020-08-24 16:24:42,059:INFO:Evaluating Metrics
2020-08-24 16:24:42,095:INFO:No inverse transformer found
2020-08-24 16:24:42,095:INFO:Compiling Metrics
2020-08-24 16:24:42,155:INFO:Initializing Fold 9
2020-08-24 16:24:42,233:INFO:Fitting Model
2020-08-24 16:24:42,582:INFO:Evaluating Metrics
2020-08-24 16:24:42,602:INFO:No inverse transformer found
2020-08-24 16:24:42,602:INFO:Compiling Metrics
2020-08-24 16:24:42,753:INFO:Initializing Fold 10
2020-08-24 16:24:42,854:INFO:Fitting Model
2020-08-24 16:24:43,773:INFO:Evaluating Metrics
2020-08-24 16:24:43,814:INFO:No inverse transformer found
2020-08-24 16:24:43,815:INFO:Compiling Metrics
2020-08-24 16:24:43,935:INFO:Calculating mean and std
2020-08-24 16:24:43,936:INFO:Creating metrics dataframe
2020-08-24 16:24:44,036:INFO:Initializing Ridge Regression
2020-08-24 16:24:44,071:INFO:Initializing Fold 1
2020-08-24 16:24:44,115:INFO:Fitting Model
2020-08-24 16:24:44,134:INFO:Evaluating Metrics
2020-08-24 16:24:44,141:INFO:No inverse transformer found
2020-08-24 16:24:44,141:INFO:Compiling Metrics
2020-08-24 16:24:44,194:INFO:Initializing Fold 2
2020-08-24 16:24:44,307:INFO:Fitting Model
2020-08-24 16:24:44,322:INFO:Evaluating Metrics
2020-08-24 16:24:44,350:INFO:No inverse transformer found
2020-08-24 16:24:44,351:INFO:Compiling Metrics
2020-08-24 16:24:44,482:INFO:Initializing Fold 3
2020-08-24 16:24:44,582:INFO:Fitting Model
2020-08-24 16:24:44,607:INFO:Evaluating Metrics
2020-08-24 16:24:44,620:INFO:No inverse transformer found
2020-08-24 16:24:44,620:INFO:Compiling Metrics
2020-08-24 16:24:44,715:INFO:Initializing Fold 4
2020-08-24 16:24:44,765:INFO:Fitting Model
2020-08-24 16:24:44,794:INFO:Evaluating Metrics
2020-08-24 16:24:44,826:INFO:No inverse transformer found
2020-08-24 16:24:44,827:INFO:Compiling Metrics
2020-08-24 16:24:44,952:INFO:Initializing Fold 5
2020-08-24 16:24:44,993:INFO:Fitting Model
2020-08-24 16:24:45,004:INFO:Evaluating Metrics
2020-08-24 16:24:45,011:INFO:No inverse transformer found
2020-08-24 16:24:45,012:INFO:Compiling Metrics
2020-08-24 16:24:45,038:INFO:Initializing Fold 6
2020-08-24 16:24:45,067:INFO:Fitting Model
2020-08-24 16:24:45,089:INFO:Evaluating Metrics
2020-08-24 16:24:45,104:INFO:No inverse transformer found
2020-08-24 16:24:45,104:INFO:Compiling Metrics
2020-08-24 16:24:45,181:INFO:Initializing Fold 7
2020-08-24 16:24:45,247:INFO:Fitting Model
2020-08-24 16:24:45,272:INFO:Evaluating Metrics
2020-08-24 16:24:45,291:INFO:No inverse transformer found
2020-08-24 16:24:45,292:INFO:Compiling Metrics
2020-08-24 16:24:45,389:INFO:Initializing Fold 8
2020-08-24 16:24:45,534:INFO:Fitting Model
2020-08-24 16:24:45,608:INFO:Evaluating Metrics
2020-08-24 16:24:45,660:INFO:No inverse transformer found
2020-08-24 16:24:45,660:INFO:Compiling Metrics
2020-08-24 16:24:45,787:INFO:Initializing Fold 9
2020-08-24 16:24:45,861:INFO:Fitting Model
2020-08-24 16:24:45,882:INFO:Evaluating Metrics
2020-08-24 16:24:45,892:INFO:No inverse transformer found
2020-08-24 16:24:45,892:INFO:Compiling Metrics
2020-08-24 16:24:45,979:INFO:Initializing Fold 10
2020-08-24 16:24:46,049:INFO:Fitting Model
2020-08-24 16:24:46,068:INFO:Evaluating Metrics
2020-08-24 16:24:46,080:INFO:No inverse transformer found
2020-08-24 16:24:46,081:INFO:Compiling Metrics
2020-08-24 16:24:46,179:INFO:Calculating mean and std
2020-08-24 16:24:46,180:INFO:Creating metrics dataframe
2020-08-24 16:24:46,323:INFO:Initializing Elastic Net
2020-08-24 16:24:46,382:INFO:Initializing Fold 1
2020-08-24 16:24:46,438:INFO:Fitting Model
2020-08-24 16:24:46,475:INFO:Evaluating Metrics
2020-08-24 16:24:46,574:INFO:No inverse transformer found
2020-08-24 16:24:46,580:INFO:Compiling Metrics
2020-08-24 16:24:46,715:INFO:Initializing Fold 2
2020-08-24 16:24:46,778:INFO:Fitting Model
2020-08-24 16:24:46,802:INFO:Evaluating Metrics
2020-08-24 16:24:46,813:INFO:No inverse transformer found
2020-08-24 16:24:46,813:INFO:Compiling Metrics
2020-08-24 16:24:46,861:INFO:Initializing Fold 3
2020-08-24 16:24:46,894:INFO:Fitting Model
2020-08-24 16:24:46,915:INFO:Evaluating Metrics
2020-08-24 16:24:46,978:INFO:No inverse transformer found
2020-08-24 16:24:46,978:INFO:Compiling Metrics
2020-08-24 16:24:47,061:INFO:Initializing Fold 4
2020-08-24 16:24:47,121:INFO:Fitting Model
2020-08-24 16:24:47,215:INFO:Evaluating Metrics
2020-08-24 16:24:47,243:INFO:No inverse transformer found
2020-08-24 16:24:47,247:INFO:Compiling Metrics
2020-08-24 16:24:47,324:INFO:Initializing Fold 5
2020-08-24 16:24:47,427:INFO:Fitting Model
2020-08-24 16:24:47,502:INFO:Evaluating Metrics
2020-08-24 16:24:47,528:INFO:No inverse transformer found
2020-08-24 16:24:47,528:INFO:Compiling Metrics
2020-08-24 16:24:47,658:INFO:Initializing Fold 6
2020-08-24 16:24:47,728:INFO:Fitting Model
2020-08-24 16:24:47,741:INFO:Evaluating Metrics
2020-08-24 16:24:47,746:INFO:No inverse transformer found
2020-08-24 16:24:47,747:INFO:Compiling Metrics
2020-08-24 16:24:47,826:INFO:Initializing Fold 7
2020-08-24 16:24:47,898:INFO:Fitting Model
2020-08-24 16:24:47,919:INFO:Evaluating Metrics
2020-08-24 16:24:47,941:INFO:No inverse transformer found
2020-08-24 16:24:47,941:INFO:Compiling Metrics
2020-08-24 16:24:48,084:INFO:Initializing Fold 8
2020-08-24 16:24:48,173:INFO:Fitting Model
2020-08-24 16:24:48,187:INFO:Evaluating Metrics
2020-08-24 16:24:48,195:INFO:No inverse transformer found
2020-08-24 16:24:48,195:INFO:Compiling Metrics
2020-08-24 16:24:48,306:INFO:Initializing Fold 9
2020-08-24 16:24:48,386:INFO:Fitting Model
2020-08-24 16:24:48,424:INFO:Evaluating Metrics
2020-08-24 16:24:48,477:INFO:No inverse transformer found
2020-08-24 16:24:48,477:INFO:Compiling Metrics
2020-08-24 16:24:48,607:INFO:Initializing Fold 10
2020-08-24 16:24:48,678:INFO:Fitting Model
2020-08-24 16:24:48,705:INFO:Evaluating Metrics
2020-08-24 16:24:48,723:INFO:No inverse transformer found
2020-08-24 16:24:48,723:INFO:Compiling Metrics
2020-08-24 16:24:48,855:INFO:Calculating mean and std
2020-08-24 16:24:48,862:INFO:Creating metrics dataframe
2020-08-24 16:24:49,005:INFO:Initializing Least Angle Regression
2020-08-24 16:24:49,045:INFO:Initializing Fold 1
2020-08-24 16:24:49,085:INFO:Fitting Model
2020-08-24 16:24:49,166:INFO:Evaluating Metrics
2020-08-24 16:24:49,230:INFO:No inverse transformer found
2020-08-24 16:24:49,230:INFO:Compiling Metrics
2020-08-24 16:24:49,374:INFO:Initializing Fold 2
2020-08-24 16:24:49,442:INFO:Fitting Model
2020-08-24 16:24:49,488:INFO:Evaluating Metrics
2020-08-24 16:24:49,500:INFO:No inverse transformer found
2020-08-24 16:24:49,500:INFO:Compiling Metrics
2020-08-24 16:24:49,648:INFO:Initializing Fold 3
2020-08-24 16:24:49,761:INFO:Fitting Model
2020-08-24 16:24:49,813:INFO:Evaluating Metrics
2020-08-24 16:24:49,826:INFO:No inverse transformer found
2020-08-24 16:24:49,827:INFO:Compiling Metrics
2020-08-24 16:24:49,901:INFO:Initializing Fold 4
2020-08-24 16:24:50,023:INFO:Fitting Model
2020-08-24 16:24:50,061:INFO:Evaluating Metrics
2020-08-24 16:24:50,119:INFO:No inverse transformer found
2020-08-24 16:24:50,119:INFO:Compiling Metrics
2020-08-24 16:24:50,277:INFO:Initializing Fold 5
2020-08-24 16:24:50,371:INFO:Fitting Model
2020-08-24 16:24:50,443:INFO:Evaluating Metrics
2020-08-24 16:24:50,489:INFO:No inverse transformer found
2020-08-24 16:24:50,489:INFO:Compiling Metrics
2020-08-24 16:24:50,736:INFO:Initializing Fold 6
2020-08-24 16:24:50,828:INFO:Fitting Model
2020-08-24 16:24:50,907:INFO:Evaluating Metrics
2020-08-24 16:24:50,926:INFO:No inverse transformer found
2020-08-24 16:24:50,926:INFO:Compiling Metrics
2020-08-24 16:24:50,997:INFO:Initializing Fold 7
2020-08-24 16:24:51,035:INFO:Fitting Model
2020-08-24 16:24:51,078:INFO:Evaluating Metrics
2020-08-24 16:24:51,083:INFO:No inverse transformer found
2020-08-24 16:24:51,084:INFO:Compiling Metrics
2020-08-24 16:24:51,169:INFO:Initializing Fold 8
2020-08-24 16:24:51,274:INFO:Fitting Model
2020-08-24 16:24:51,300:INFO:Evaluating Metrics
2020-08-24 16:24:51,320:INFO:No inverse transformer found
2020-08-24 16:24:51,320:INFO:Compiling Metrics
2020-08-24 16:24:51,385:INFO:Initializing Fold 9
2020-08-24 16:24:51,456:INFO:Fitting Model
2020-08-24 16:24:51,497:INFO:Evaluating Metrics
2020-08-24 16:24:51,503:INFO:No inverse transformer found
2020-08-24 16:24:51,503:INFO:Compiling Metrics
2020-08-24 16:24:51,572:INFO:Initializing Fold 10
2020-08-24 16:24:51,718:INFO:Fitting Model
2020-08-24 16:24:51,759:INFO:Evaluating Metrics
2020-08-24 16:24:51,811:INFO:No inverse transformer found
2020-08-24 16:24:51,811:INFO:Compiling Metrics
2020-08-24 16:24:51,949:INFO:Calculating mean and std
2020-08-24 16:24:51,949:INFO:Creating metrics dataframe
2020-08-24 16:24:52,074:INFO:Initializing Lasso Least Angle Regression
2020-08-24 16:24:52,109:INFO:Initializing Fold 1
2020-08-24 16:24:52,148:INFO:Fitting Model
2020-08-24 16:24:52,190:INFO:Evaluating Metrics
2020-08-24 16:24:52,229:INFO:No inverse transformer found
2020-08-24 16:24:52,229:INFO:Compiling Metrics
2020-08-24 16:24:52,351:INFO:Initializing Fold 2
2020-08-24 16:24:52,426:INFO:Fitting Model
2020-08-24 16:24:52,458:INFO:Evaluating Metrics
2020-08-24 16:24:52,468:INFO:No inverse transformer found
2020-08-24 16:24:52,468:INFO:Compiling Metrics
2020-08-24 16:24:52,604:INFO:Initializing Fold 3
2020-08-24 16:24:52,657:INFO:Fitting Model
2020-08-24 16:24:52,708:INFO:Evaluating Metrics
2020-08-24 16:24:52,740:INFO:No inverse transformer found
2020-08-24 16:24:52,740:INFO:Compiling Metrics
2020-08-24 16:24:52,827:INFO:Initializing Fold 4
2020-08-24 16:24:52,907:INFO:Fitting Model
2020-08-24 16:24:52,986:INFO:Evaluating Metrics
2020-08-24 16:24:53,013:INFO:No inverse transformer found
2020-08-24 16:24:53,013:INFO:Compiling Metrics
2020-08-24 16:24:53,142:INFO:Initializing Fold 5
2020-08-24 16:24:53,179:INFO:Fitting Model
2020-08-24 16:24:53,244:INFO:Evaluating Metrics
2020-08-24 16:24:53,267:INFO:No inverse transformer found
2020-08-24 16:24:53,268:INFO:Compiling Metrics
2020-08-24 16:24:53,407:INFO:Initializing Fold 6
2020-08-24 16:24:53,500:INFO:Fitting Model
2020-08-24 16:24:53,525:INFO:Evaluating Metrics
2020-08-24 16:24:53,531:INFO:No inverse transformer found
2020-08-24 16:24:53,531:INFO:Compiling Metrics
2020-08-24 16:24:53,580:INFO:Initializing Fold 7
2020-08-24 16:24:53,616:INFO:Fitting Model
2020-08-24 16:24:53,645:INFO:Evaluating Metrics
2020-08-24 16:24:53,662:INFO:No inverse transformer found
2020-08-24 16:24:53,662:INFO:Compiling Metrics
2020-08-24 16:24:53,724:INFO:Initializing Fold 8
2020-08-24 16:24:53,771:INFO:Fitting Model
2020-08-24 16:24:53,844:INFO:Evaluating Metrics
2020-08-24 16:24:53,908:INFO:No inverse transformer found
2020-08-24 16:24:53,908:INFO:Compiling Metrics
2020-08-24 16:24:53,999:INFO:Initializing Fold 9
2020-08-24 16:24:54,036:INFO:Fitting Model
2020-08-24 16:24:54,079:INFO:Evaluating Metrics
2020-08-24 16:24:54,107:INFO:No inverse transformer found
2020-08-24 16:24:54,108:INFO:Compiling Metrics
2020-08-24 16:24:54,273:INFO:Initializing Fold 10
2020-08-24 16:24:54,367:INFO:Fitting Model
2020-08-24 16:24:54,464:INFO:Evaluating Metrics
2020-08-24 16:24:54,511:INFO:No inverse transformer found
2020-08-24 16:24:54,511:INFO:Compiling Metrics
2020-08-24 16:24:54,684:INFO:Calculating mean and std
2020-08-24 16:24:54,684:INFO:Creating metrics dataframe
2020-08-24 16:24:54,866:INFO:Initializing Orthogonal Matching Pursuit
2020-08-24 16:24:54,912:INFO:Initializing Fold 1
2020-08-24 16:24:54,961:INFO:Fitting Model
2020-08-24 16:24:54,987:INFO:Evaluating Metrics
2020-08-24 16:24:54,998:INFO:No inverse transformer found
2020-08-24 16:24:54,998:INFO:Compiling Metrics
2020-08-24 16:24:55,038:INFO:Initializing Fold 2
2020-08-24 16:24:55,085:INFO:Fitting Model
2020-08-24 16:24:55,103:INFO:Evaluating Metrics
2020-08-24 16:24:55,116:INFO:No inverse transformer found
2020-08-24 16:24:55,116:INFO:Compiling Metrics
2020-08-24 16:24:55,251:INFO:Initializing Fold 3
2020-08-24 16:24:55,362:INFO:Fitting Model
2020-08-24 16:24:55,382:INFO:Evaluating Metrics
2020-08-24 16:24:55,409:INFO:No inverse transformer found
2020-08-24 16:24:55,409:INFO:Compiling Metrics
2020-08-24 16:24:55,591:INFO:Initializing Fold 4
2020-08-24 16:24:55,660:INFO:Fitting Model
2020-08-24 16:24:55,707:INFO:Evaluating Metrics
2020-08-24 16:24:55,743:INFO:No inverse transformer found
2020-08-24 16:24:55,743:INFO:Compiling Metrics
2020-08-24 16:24:55,883:INFO:Initializing Fold 5
2020-08-24 16:24:55,956:INFO:Fitting Model
2020-08-24 16:24:55,996:INFO:Evaluating Metrics
2020-08-24 16:24:56,020:INFO:No inverse transformer found
2020-08-24 16:24:56,020:INFO:Compiling Metrics
2020-08-24 16:24:56,074:INFO:Initializing Fold 6
2020-08-24 16:24:56,164:INFO:Fitting Model
2020-08-24 16:24:56,197:INFO:Evaluating Metrics
2020-08-24 16:24:56,224:INFO:No inverse transformer found
2020-08-24 16:24:56,224:INFO:Compiling Metrics
2020-08-24 16:24:56,365:INFO:Initializing Fold 7
2020-08-24 16:24:56,406:INFO:Fitting Model
2020-08-24 16:24:56,430:INFO:Evaluating Metrics
2020-08-24 16:24:56,445:INFO:No inverse transformer found
2020-08-24 16:24:56,446:INFO:Compiling Metrics
2020-08-24 16:24:56,556:INFO:Initializing Fold 8
2020-08-24 16:24:56,598:INFO:Fitting Model
2020-08-24 16:24:56,632:INFO:Evaluating Metrics
2020-08-24 16:24:56,657:INFO:No inverse transformer found
2020-08-24 16:24:56,657:INFO:Compiling Metrics
2020-08-24 16:24:56,798:INFO:Initializing Fold 9
2020-08-24 16:24:56,854:INFO:Fitting Model
2020-08-24 16:24:56,866:INFO:Evaluating Metrics
2020-08-24 16:24:56,870:INFO:No inverse transformer found
2020-08-24 16:24:56,871:INFO:Compiling Metrics
2020-08-24 16:24:56,912:INFO:Initializing Fold 10
2020-08-24 16:24:57,049:INFO:Fitting Model
2020-08-24 16:24:57,074:INFO:Evaluating Metrics
2020-08-24 16:24:57,106:INFO:No inverse transformer found
2020-08-24 16:24:57,106:INFO:Compiling Metrics
2020-08-24 16:24:57,256:INFO:Calculating mean and std
2020-08-24 16:24:57,256:INFO:Creating metrics dataframe
2020-08-24 16:24:57,416:INFO:Initializing Bayesian Ridge
2020-08-24 16:24:57,454:INFO:Initializing Fold 1
2020-08-24 16:24:57,513:INFO:Fitting Model
2020-08-24 16:24:57,804:INFO:Evaluating Metrics
2020-08-24 16:24:57,849:INFO:No inverse transformer found
2020-08-24 16:24:57,849:INFO:Compiling Metrics
2020-08-24 16:24:57,933:INFO:Initializing Fold 2
2020-08-24 16:24:58,053:INFO:Fitting Model
2020-08-24 16:24:58,224:INFO:Evaluating Metrics
2020-08-24 16:24:58,250:INFO:No inverse transformer found
2020-08-24 16:24:58,250:INFO:Compiling Metrics
2020-08-24 16:24:58,374:INFO:Initializing Fold 3
2020-08-24 16:24:58,516:INFO:Fitting Model
2020-08-24 16:24:58,632:INFO:Evaluating Metrics
2020-08-24 16:24:58,729:INFO:No inverse transformer found
2020-08-24 16:24:58,730:INFO:Compiling Metrics
2020-08-24 16:24:58,901:INFO:Initializing Fold 4
2020-08-24 16:24:58,987:INFO:Fitting Model
2020-08-24 16:24:59,245:INFO:Evaluating Metrics
2020-08-24 16:24:59,289:INFO:No inverse transformer found
2020-08-24 16:24:59,289:INFO:Compiling Metrics
2020-08-24 16:24:59,462:INFO:Initializing Fold 5
2020-08-24 16:24:59,544:INFO:Fitting Model
2020-08-24 16:24:59,695:INFO:Evaluating Metrics
2020-08-24 16:24:59,715:INFO:No inverse transformer found
2020-08-24 16:24:59,715:INFO:Compiling Metrics
2020-08-24 16:24:59,834:INFO:Initializing Fold 6
2020-08-24 16:24:59,868:INFO:Fitting Model
2020-08-24 16:24:59,967:INFO:Evaluating Metrics
2020-08-24 16:24:59,985:INFO:No inverse transformer found
2020-08-24 16:24:59,985:INFO:Compiling Metrics
2020-08-24 16:25:00,102:INFO:Initializing Fold 7
2020-08-24 16:25:00,165:INFO:Fitting Model
2020-08-24 16:25:00,291:INFO:Evaluating Metrics
2020-08-24 16:25:00,337:INFO:No inverse transformer found
2020-08-24 16:25:00,337:INFO:Compiling Metrics
2020-08-24 16:25:00,444:INFO:Initializing Fold 8
2020-08-24 16:25:00,543:INFO:Fitting Model
2020-08-24 16:25:00,808:INFO:Evaluating Metrics
2020-08-24 16:25:00,907:INFO:No inverse transformer found
2020-08-24 16:25:00,908:INFO:Compiling Metrics
2020-08-24 16:25:01,005:INFO:Initializing Fold 9
2020-08-24 16:25:01,048:INFO:Fitting Model
2020-08-24 16:25:01,372:INFO:Evaluating Metrics
2020-08-24 16:25:01,453:INFO:No inverse transformer found
2020-08-24 16:25:01,453:INFO:Compiling Metrics
2020-08-24 16:25:01,561:INFO:Initializing Fold 10
2020-08-24 16:25:01,617:INFO:Fitting Model
2020-08-24 16:25:01,833:INFO:Evaluating Metrics
2020-08-24 16:25:01,890:INFO:No inverse transformer found
2020-08-24 16:25:01,890:INFO:Compiling Metrics
2020-08-24 16:25:02,004:INFO:Calculating mean and std
2020-08-24 16:25:02,005:INFO:Creating metrics dataframe
2020-08-24 16:25:02,213:INFO:Initializing Passive Aggressive Regressor
2020-08-24 16:25:02,258:INFO:Initializing Fold 1
2020-08-24 16:25:02,315:INFO:Fitting Model
2020-08-24 16:25:02,396:INFO:Evaluating Metrics
2020-08-24 16:25:02,403:INFO:No inverse transformer found
2020-08-24 16:25:02,403:INFO:Compiling Metrics
2020-08-24 16:25:02,450:INFO:Initializing Fold 2
2020-08-24 16:25:02,516:INFO:Fitting Model
2020-08-24 16:25:02,657:INFO:Evaluating Metrics
2020-08-24 16:25:02,695:INFO:No inverse transformer found
2020-08-24 16:25:02,695:INFO:Compiling Metrics
2020-08-24 16:25:02,815:INFO:Initializing Fold 3
2020-08-24 16:25:02,844:INFO:Fitting Model
2020-08-24 16:25:02,908:INFO:Evaluating Metrics
2020-08-24 16:25:02,939:INFO:No inverse transformer found
2020-08-24 16:25:02,939:INFO:Compiling Metrics
2020-08-24 16:25:03,057:INFO:Initializing Fold 4
2020-08-24 16:25:03,091:INFO:Fitting Model
2020-08-24 16:25:03,174:INFO:Evaluating Metrics
2020-08-24 16:25:03,204:INFO:No inverse transformer found
2020-08-24 16:25:03,204:INFO:Compiling Metrics
2020-08-24 16:25:03,328:INFO:Initializing Fold 5
2020-08-24 16:25:03,373:INFO:Fitting Model
2020-08-24 16:25:03,437:INFO:Evaluating Metrics
2020-08-24 16:25:03,459:INFO:No inverse transformer found
2020-08-24 16:25:03,459:INFO:Compiling Metrics
2020-08-24 16:25:03,582:INFO:Initializing Fold 6
2020-08-24 16:25:03,649:INFO:Fitting Model
2020-08-24 16:25:03,725:INFO:Evaluating Metrics
2020-08-24 16:25:03,736:INFO:No inverse transformer found
2020-08-24 16:25:03,736:INFO:Compiling Metrics
2020-08-24 16:25:03,840:INFO:Initializing Fold 7
2020-08-24 16:25:03,919:INFO:Fitting Model
2020-08-24 16:25:04,011:INFO:Evaluating Metrics
2020-08-24 16:25:04,023:INFO:No inverse transformer found
2020-08-24 16:25:04,023:INFO:Compiling Metrics
2020-08-24 16:25:04,105:INFO:Initializing Fold 8
2020-08-24 16:25:04,182:INFO:Fitting Model
2020-08-24 16:25:04,256:INFO:Evaluating Metrics
2020-08-24 16:25:04,262:INFO:No inverse transformer found
2020-08-24 16:25:04,262:INFO:Compiling Metrics
2020-08-24 16:25:04,391:INFO:Initializing Fold 9
2020-08-24 16:25:04,483:INFO:Fitting Model
2020-08-24 16:25:04,573:INFO:Evaluating Metrics
2020-08-24 16:25:04,603:INFO:No inverse transformer found
2020-08-24 16:25:04,603:INFO:Compiling Metrics
2020-08-24 16:25:04,729:INFO:Initializing Fold 10
2020-08-24 16:25:04,779:INFO:Fitting Model
2020-08-24 16:25:04,937:INFO:Evaluating Metrics
2020-08-24 16:25:04,974:INFO:No inverse transformer found
2020-08-24 16:25:04,974:INFO:Compiling Metrics
2020-08-24 16:25:05,053:INFO:Calculating mean and std
2020-08-24 16:25:05,053:INFO:Creating metrics dataframe
2020-08-24 16:25:05,252:INFO:Initializing Random Sample Consensus
2020-08-24 16:25:05,288:INFO:Initializing Fold 1
2020-08-24 16:25:05,353:INFO:Fitting Model
2020-08-24 16:25:11,509:INFO:Evaluating Metrics
2020-08-24 16:25:11,592:INFO:No inverse transformer found
2020-08-24 16:25:11,592:INFO:Compiling Metrics
2020-08-24 16:25:11,733:INFO:Initializing Fold 2
2020-08-24 16:25:11,785:INFO:Fitting Model
2020-08-24 16:25:16,377:INFO:Evaluating Metrics
2020-08-24 16:25:16,400:INFO:No inverse transformer found
2020-08-24 16:25:16,400:INFO:Compiling Metrics
2020-08-24 16:25:16,634:INFO:Initializing Fold 3
2020-08-24 16:25:16,690:INFO:Fitting Model
2020-08-24 16:25:23,702:INFO:Evaluating Metrics
2020-08-24 16:25:23,747:INFO:No inverse transformer found
2020-08-24 16:25:23,747:INFO:Compiling Metrics
2020-08-24 16:25:23,914:INFO:Initializing Fold 4
2020-08-24 16:25:24,026:INFO:Fitting Model
2020-08-24 16:25:32,011:INFO:Evaluating Metrics
2020-08-24 16:25:32,022:INFO:No inverse transformer found
2020-08-24 16:25:32,022:INFO:Compiling Metrics
2020-08-24 16:25:32,062:INFO:Initializing Fold 5
2020-08-24 16:25:32,110:INFO:Fitting Model
2020-08-24 16:25:39,855:INFO:Evaluating Metrics
2020-08-24 16:25:39,889:INFO:No inverse transformer found
2020-08-24 16:25:39,893:INFO:Compiling Metrics
2020-08-24 16:25:40,089:INFO:Initializing Fold 6
2020-08-24 16:25:40,132:INFO:Fitting Model
2020-08-24 16:25:48,474:INFO:Evaluating Metrics
2020-08-24 16:25:48,501:INFO:No inverse transformer found
2020-08-24 16:25:48,502:INFO:Compiling Metrics
2020-08-24 16:25:48,540:INFO:Initializing Fold 7
2020-08-24 16:25:48,583:INFO:Fitting Model
2020-08-24 16:25:55,151:INFO:Evaluating Metrics
2020-08-24 16:25:55,208:INFO:No inverse transformer found
2020-08-24 16:25:55,208:INFO:Compiling Metrics
2020-08-24 16:25:55,409:INFO:Initializing Fold 8
2020-08-24 16:25:55,468:INFO:Fitting Model
2020-08-24 16:26:03,373:INFO:Evaluating Metrics
2020-08-24 16:26:03,428:INFO:No inverse transformer found
2020-08-24 16:26:03,428:INFO:Compiling Metrics
2020-08-24 16:26:03,599:INFO:Initializing Fold 9
2020-08-24 16:26:03,656:INFO:Fitting Model
2020-08-24 16:26:09,566:INFO:Evaluating Metrics
2020-08-24 16:26:09,674:INFO:No inverse transformer found
2020-08-24 16:26:09,675:INFO:Compiling Metrics
2020-08-24 16:26:09,755:INFO:Initializing Fold 10
2020-08-24 16:26:09,875:INFO:Fitting Model
2020-08-24 16:26:14,704:INFO:Evaluating Metrics
2020-08-24 16:26:14,708:INFO:No inverse transformer found
2020-08-24 16:26:14,709:INFO:Compiling Metrics
2020-08-24 16:26:14,759:INFO:Calculating mean and std
2020-08-24 16:26:14,759:INFO:Creating metrics dataframe
2020-08-24 16:26:14,896:INFO:Initializing TheilSen Regressor
2020-08-24 16:26:14,934:INFO:Initializing Fold 1
2020-08-24 16:26:14,966:INFO:Fitting Model
2020-08-24 16:26:24,173:INFO:Evaluating Metrics
2020-08-24 16:26:24,218:INFO:No inverse transformer found
2020-08-24 16:26:24,218:INFO:Compiling Metrics
2020-08-24 16:26:24,401:INFO:Initializing Fold 2
2020-08-24 16:26:24,441:INFO:Fitting Model
2020-08-24 16:26:29,985:INFO:Evaluating Metrics
2020-08-24 16:26:29,995:INFO:No inverse transformer found
2020-08-24 16:26:29,995:INFO:Compiling Metrics
2020-08-24 16:26:30,068:INFO:Initializing Fold 3
2020-08-24 16:26:30,134:INFO:Fitting Model
2020-08-24 16:26:34,740:INFO:Evaluating Metrics
2020-08-24 16:26:34,743:INFO:No inverse transformer found
2020-08-24 16:26:34,743:INFO:Compiling Metrics
2020-08-24 16:26:34,819:INFO:Initializing Fold 4
2020-08-24 16:26:34,856:INFO:Fitting Model
2020-08-24 16:26:39,776:INFO:Evaluating Metrics
2020-08-24 16:26:39,780:INFO:No inverse transformer found
2020-08-24 16:26:39,780:INFO:Compiling Metrics
2020-08-24 16:26:39,811:INFO:Initializing Fold 5
2020-08-24 16:26:39,860:INFO:Fitting Model
2020-08-24 16:26:44,481:INFO:Evaluating Metrics
2020-08-24 16:26:44,535:INFO:No inverse transformer found
2020-08-24 16:26:44,535:INFO:Compiling Metrics
2020-08-24 16:26:44,714:INFO:Initializing Fold 6
2020-08-24 16:26:44,792:INFO:Fitting Model
2020-08-24 16:26:49,302:INFO:Evaluating Metrics
2020-08-24 16:26:49,315:INFO:No inverse transformer found
2020-08-24 16:26:49,315:INFO:Compiling Metrics
2020-08-24 16:26:49,384:INFO:Initializing Fold 7
2020-08-24 16:26:49,433:INFO:Fitting Model
2020-08-24 16:26:54,493:INFO:Evaluating Metrics
2020-08-24 16:26:54,535:INFO:No inverse transformer found
2020-08-24 16:26:54,535:INFO:Compiling Metrics
2020-08-24 16:26:54,570:INFO:Initializing Fold 8
2020-08-24 16:26:54,606:INFO:Fitting Model
2020-08-24 16:26:59,326:INFO:Evaluating Metrics
2020-08-24 16:26:59,331:INFO:No inverse transformer found
2020-08-24 16:26:59,332:INFO:Compiling Metrics
2020-08-24 16:26:59,369:INFO:Initializing Fold 9
2020-08-24 16:26:59,436:INFO:Fitting Model
2020-08-24 16:27:04,014:INFO:Evaluating Metrics
2020-08-24 16:27:04,019:INFO:No inverse transformer found
2020-08-24 16:27:04,019:INFO:Compiling Metrics
2020-08-24 16:27:04,060:INFO:Initializing Fold 10
2020-08-24 16:27:04,102:INFO:Fitting Model
2020-08-24 16:27:09,059:INFO:Evaluating Metrics
2020-08-24 16:27:09,081:INFO:No inverse transformer found
2020-08-24 16:27:09,081:INFO:Compiling Metrics
2020-08-24 16:27:09,192:INFO:Calculating mean and std
2020-08-24 16:27:09,193:INFO:Creating metrics dataframe
2020-08-24 16:27:09,302:INFO:Initializing Huber Regressor
2020-08-24 16:27:09,333:INFO:Initializing Fold 1
2020-08-24 16:27:09,365:INFO:Fitting Model
2020-08-24 16:27:11,108:INFO:Evaluating Metrics
2020-08-24 16:27:11,129:INFO:No inverse transformer found
2020-08-24 16:27:11,129:INFO:Compiling Metrics
2020-08-24 16:27:11,176:INFO:Initializing Fold 2
2020-08-24 16:27:11,228:INFO:Fitting Model
2020-08-24 16:27:12,893:INFO:Evaluating Metrics
2020-08-24 16:27:12,905:INFO:No inverse transformer found
2020-08-24 16:27:12,905:INFO:Compiling Metrics
2020-08-24 16:27:13,027:INFO:Initializing Fold 3
2020-08-24 16:27:13,073:INFO:Fitting Model
2020-08-24 16:27:14,412:INFO:Evaluating Metrics
2020-08-24 16:27:14,421:INFO:No inverse transformer found
2020-08-24 16:27:14,421:INFO:Compiling Metrics
2020-08-24 16:27:14,467:INFO:Initializing Fold 4
2020-08-24 16:27:14,525:INFO:Fitting Model
2020-08-24 16:27:15,341:INFO:Evaluating Metrics
2020-08-24 16:27:15,346:INFO:No inverse transformer found
2020-08-24 16:27:15,346:INFO:Compiling Metrics
2020-08-24 16:27:15,388:INFO:Initializing Fold 5
2020-08-24 16:27:15,450:INFO:Fitting Model
2020-08-24 16:27:16,270:INFO:Evaluating Metrics
2020-08-24 16:27:16,274:INFO:No inverse transformer found
2020-08-24 16:27:16,274:INFO:Compiling Metrics
2020-08-24 16:27:16,329:INFO:Initializing Fold 6
2020-08-24 16:27:16,375:INFO:Fitting Model
2020-08-24 16:27:17,716:INFO:Evaluating Metrics
2020-08-24 16:27:17,722:INFO:No inverse transformer found
2020-08-24 16:27:17,722:INFO:Compiling Metrics
2020-08-24 16:27:17,766:INFO:Initializing Fold 7
2020-08-24 16:27:17,835:INFO:Fitting Model
2020-08-24 16:27:18,987:INFO:Evaluating Metrics
2020-08-24 16:27:19,000:INFO:No inverse transformer found
2020-08-24 16:27:19,000:INFO:Compiling Metrics
2020-08-24 16:27:19,033:INFO:Initializing Fold 8
2020-08-24 16:27:19,149:INFO:Fitting Model
2020-08-24 16:27:19,950:INFO:Evaluating Metrics
2020-08-24 16:27:19,966:INFO:No inverse transformer found
2020-08-24 16:27:19,966:INFO:Compiling Metrics
2020-08-24 16:27:20,053:INFO:Initializing Fold 9
2020-08-24 16:27:20,171:INFO:Fitting Model
2020-08-24 16:27:21,078:INFO:Evaluating Metrics
2020-08-24 16:27:21,094:INFO:No inverse transformer found
2020-08-24 16:27:21,095:INFO:Compiling Metrics
2020-08-24 16:27:21,227:INFO:Initializing Fold 10
2020-08-24 16:27:21,321:INFO:Fitting Model
2020-08-24 16:27:21,969:INFO:Evaluating Metrics
2020-08-24 16:27:21,976:INFO:No inverse transformer found
2020-08-24 16:27:21,976:INFO:Compiling Metrics
2020-08-24 16:27:22,013:INFO:Calculating mean and std
2020-08-24 16:27:22,028:INFO:Creating metrics dataframe
2020-08-24 16:27:22,339:INFO:Initializing Support Vector Machine
2020-08-24 16:27:22,395:INFO:Initializing Fold 1
2020-08-24 16:27:22,463:INFO:Fitting Model
2020-08-24 16:27:24,461:INFO:Evaluating Metrics
2020-08-24 16:27:24,622:INFO:No inverse transformer found
2020-08-24 16:27:24,623:INFO:Compiling Metrics
2020-08-24 16:27:24,648:INFO:Initializing Fold 2
2020-08-24 16:27:24,681:INFO:Fitting Model
2020-08-24 16:27:26,753:INFO:Evaluating Metrics
2020-08-24 16:27:26,962:INFO:No inverse transformer found
2020-08-24 16:27:26,962:INFO:Compiling Metrics
2020-08-24 16:27:26,998:INFO:Initializing Fold 3
2020-08-24 16:27:27,020:INFO:Fitting Model
2020-08-24 16:27:28,894:INFO:Evaluating Metrics
2020-08-24 16:27:29,040:INFO:No inverse transformer found
2020-08-24 16:27:29,041:INFO:Compiling Metrics
2020-08-24 16:27:29,071:INFO:Initializing Fold 4
2020-08-24 16:27:29,106:INFO:Fitting Model
2020-08-24 16:27:31,180:INFO:Evaluating Metrics
2020-08-24 16:27:31,378:INFO:No inverse transformer found
2020-08-24 16:27:31,379:INFO:Compiling Metrics
2020-08-24 16:27:31,418:INFO:Initializing Fold 5
2020-08-24 16:27:31,462:INFO:Fitting Model
2020-08-24 16:27:33,369:INFO:Evaluating Metrics
2020-08-24 16:27:33,565:INFO:No inverse transformer found
2020-08-24 16:27:33,566:INFO:Compiling Metrics
2020-08-24 16:27:33,613:INFO:Initializing Fold 6
2020-08-24 16:27:33,646:INFO:Fitting Model
2020-08-24 16:27:35,475:INFO:Evaluating Metrics
2020-08-24 16:27:35,625:INFO:No inverse transformer found
2020-08-24 16:27:35,625:INFO:Compiling Metrics
2020-08-24 16:27:35,655:INFO:Initializing Fold 7
2020-08-24 16:27:35,688:INFO:Fitting Model
2020-08-24 16:27:37,634:INFO:Evaluating Metrics
2020-08-24 16:27:37,777:INFO:No inverse transformer found
2020-08-24 16:27:37,777:INFO:Compiling Metrics
2020-08-24 16:27:37,810:INFO:Initializing Fold 8
2020-08-24 16:27:37,852:INFO:Fitting Model
2020-08-24 16:27:40,000:INFO:Evaluating Metrics
2020-08-24 16:27:40,159:INFO:No inverse transformer found
2020-08-24 16:27:40,159:INFO:Compiling Metrics
2020-08-24 16:27:40,179:INFO:Initializing Fold 9
2020-08-24 16:27:40,203:INFO:Fitting Model
2020-08-24 16:27:42,178:INFO:Evaluating Metrics
2020-08-24 16:27:42,331:INFO:No inverse transformer found
2020-08-24 16:27:42,331:INFO:Compiling Metrics
2020-08-24 16:27:42,353:INFO:Initializing Fold 10
2020-08-24 16:27:42,388:INFO:Fitting Model
2020-08-24 16:27:44,258:INFO:Evaluating Metrics
2020-08-24 16:27:44,396:INFO:No inverse transformer found
2020-08-24 16:27:44,396:INFO:Compiling Metrics
2020-08-24 16:27:44,428:INFO:Calculating mean and std
2020-08-24 16:27:44,428:INFO:Creating metrics dataframe
2020-08-24 16:27:44,542:INFO:Initializing K Neighbors Regressor
2020-08-24 16:27:44,581:INFO:Initializing Fold 1
2020-08-24 16:27:44,624:INFO:Fitting Model
2020-08-24 16:27:44,659:INFO:Evaluating Metrics
2020-08-24 16:27:44,895:INFO:No inverse transformer found
2020-08-24 16:27:44,896:INFO:Compiling Metrics
2020-08-24 16:27:44,926:INFO:Initializing Fold 2
2020-08-24 16:27:44,951:INFO:Fitting Model
2020-08-24 16:27:44,971:INFO:Evaluating Metrics
2020-08-24 16:27:45,081:INFO:No inverse transformer found
2020-08-24 16:27:45,081:INFO:Compiling Metrics
2020-08-24 16:27:45,102:INFO:Initializing Fold 3
2020-08-24 16:27:45,122:INFO:Fitting Model
2020-08-24 16:27:45,138:INFO:Evaluating Metrics
2020-08-24 16:27:45,244:INFO:No inverse transformer found
2020-08-24 16:27:45,245:INFO:Compiling Metrics
2020-08-24 16:27:45,271:INFO:Initializing Fold 4
2020-08-24 16:27:45,291:INFO:Fitting Model
2020-08-24 16:27:45,311:INFO:Evaluating Metrics
2020-08-24 16:27:45,422:INFO:No inverse transformer found
2020-08-24 16:27:45,422:INFO:Compiling Metrics
2020-08-24 16:27:45,504:INFO:Initializing Fold 5
2020-08-24 16:27:45,542:INFO:Fitting Model
2020-08-24 16:27:45,583:INFO:Evaluating Metrics
2020-08-24 16:27:45,804:INFO:No inverse transformer found
2020-08-24 16:27:45,804:INFO:Compiling Metrics
2020-08-24 16:27:45,846:INFO:Initializing Fold 6
2020-08-24 16:27:45,877:INFO:Fitting Model
2020-08-24 16:27:45,901:INFO:Evaluating Metrics
2020-08-24 16:27:46,118:INFO:No inverse transformer found
2020-08-24 16:27:46,118:INFO:Compiling Metrics
2020-08-24 16:27:46,154:INFO:Initializing Fold 7
2020-08-24 16:27:46,181:INFO:Fitting Model
2020-08-24 16:27:46,209:INFO:Evaluating Metrics
2020-08-24 16:27:46,430:INFO:No inverse transformer found
2020-08-24 16:27:46,430:INFO:Compiling Metrics
2020-08-24 16:27:46,505:INFO:Initializing Fold 8
2020-08-24 16:27:46,557:INFO:Fitting Model
2020-08-24 16:27:46,595:INFO:Evaluating Metrics
2020-08-24 16:27:46,805:INFO:No inverse transformer found
2020-08-24 16:27:46,806:INFO:Compiling Metrics
2020-08-24 16:27:46,840:INFO:Initializing Fold 9
2020-08-24 16:27:46,888:INFO:Fitting Model
2020-08-24 16:27:46,912:INFO:Evaluating Metrics
2020-08-24 16:27:47,032:INFO:No inverse transformer found
2020-08-24 16:27:47,033:INFO:Compiling Metrics
2020-08-24 16:27:47,081:INFO:Initializing Fold 10
2020-08-24 16:27:47,119:INFO:Fitting Model
2020-08-24 16:27:47,150:INFO:Evaluating Metrics
2020-08-24 16:27:47,375:INFO:No inverse transformer found
2020-08-24 16:27:47,375:INFO:Compiling Metrics
2020-08-24 16:27:47,403:INFO:Calculating mean and std
2020-08-24 16:27:47,403:INFO:Creating metrics dataframe
2020-08-24 16:27:47,465:INFO:Initializing Decision Tree
2020-08-24 16:27:47,485:INFO:Initializing Fold 1
2020-08-24 16:27:47,515:INFO:Fitting Model
2020-08-24 16:27:47,559:INFO:Evaluating Metrics
2020-08-24 16:27:47,563:INFO:No inverse transformer found
2020-08-24 16:27:47,564:INFO:Compiling Metrics
2020-08-24 16:27:47,584:INFO:Initializing Fold 2
2020-08-24 16:27:47,605:INFO:Fitting Model
2020-08-24 16:27:47,635:INFO:Evaluating Metrics
2020-08-24 16:27:47,638:INFO:No inverse transformer found
2020-08-24 16:27:47,639:INFO:Compiling Metrics
2020-08-24 16:27:47,662:INFO:Initializing Fold 3
2020-08-24 16:27:47,691:INFO:Fitting Model
2020-08-24 16:27:47,720:INFO:Evaluating Metrics
2020-08-24 16:27:47,724:INFO:No inverse transformer found
2020-08-24 16:27:47,725:INFO:Compiling Metrics
2020-08-24 16:27:47,746:INFO:Initializing Fold 4
2020-08-24 16:27:47,767:INFO:Fitting Model
2020-08-24 16:27:47,795:INFO:Evaluating Metrics
2020-08-24 16:27:47,799:INFO:No inverse transformer found
2020-08-24 16:27:47,799:INFO:Compiling Metrics
2020-08-24 16:27:47,818:INFO:Initializing Fold 5
2020-08-24 16:27:47,844:INFO:Fitting Model
2020-08-24 16:27:47,869:INFO:Evaluating Metrics
2020-08-24 16:27:47,873:INFO:No inverse transformer found
2020-08-24 16:27:47,873:INFO:Compiling Metrics
2020-08-24 16:27:47,899:INFO:Initializing Fold 6
2020-08-24 16:27:47,924:INFO:Fitting Model
2020-08-24 16:27:47,956:INFO:Evaluating Metrics
2020-08-24 16:27:47,959:INFO:No inverse transformer found
2020-08-24 16:27:47,960:INFO:Compiling Metrics
2020-08-24 16:27:47,985:INFO:Initializing Fold 7
2020-08-24 16:27:48,012:INFO:Fitting Model
2020-08-24 16:27:48,036:INFO:Evaluating Metrics
2020-08-24 16:27:48,040:INFO:No inverse transformer found
2020-08-24 16:27:48,041:INFO:Compiling Metrics
2020-08-24 16:27:48,071:INFO:Initializing Fold 8
2020-08-24 16:27:48,098:INFO:Fitting Model
2020-08-24 16:27:48,123:INFO:Evaluating Metrics
2020-08-24 16:27:48,126:INFO:No inverse transformer found
2020-08-24 16:27:48,126:INFO:Compiling Metrics
2020-08-24 16:27:48,144:INFO:Initializing Fold 9
2020-08-24 16:27:48,166:INFO:Fitting Model
2020-08-24 16:27:48,192:INFO:Evaluating Metrics
2020-08-24 16:27:48,195:INFO:No inverse transformer found
2020-08-24 16:27:48,195:INFO:Compiling Metrics
2020-08-24 16:27:48,217:INFO:Initializing Fold 10
2020-08-24 16:27:48,239:INFO:Fitting Model
2020-08-24 16:27:48,274:INFO:Evaluating Metrics
2020-08-24 16:27:48,289:INFO:No inverse transformer found
2020-08-24 16:27:48,289:INFO:Compiling Metrics
2020-08-24 16:27:48,333:INFO:Calculating mean and std
2020-08-24 16:27:48,335:INFO:Creating metrics dataframe
2020-08-24 16:27:48,408:INFO:Initializing Random Forest
2020-08-24 16:27:48,431:INFO:Initializing Fold 1
2020-08-24 16:27:48,454:INFO:Fitting Model
2020-08-24 16:27:50,193:INFO:Evaluating Metrics
2020-08-24 16:27:50,299:INFO:No inverse transformer found
2020-08-24 16:27:50,299:INFO:Compiling Metrics
2020-08-24 16:27:50,319:INFO:Initializing Fold 2
2020-08-24 16:27:50,345:INFO:Fitting Model
2020-08-24 16:27:51,807:INFO:Evaluating Metrics
2020-08-24 16:27:51,915:INFO:No inverse transformer found
2020-08-24 16:27:51,915:INFO:Compiling Metrics
2020-08-24 16:27:51,960:INFO:Initializing Fold 3
2020-08-24 16:27:51,989:INFO:Fitting Model
2020-08-24 16:27:53,129:INFO:Evaluating Metrics
2020-08-24 16:27:53,239:INFO:No inverse transformer found
2020-08-24 16:27:53,239:INFO:Compiling Metrics
2020-08-24 16:27:53,259:INFO:Initializing Fold 4
2020-08-24 16:27:53,278:INFO:Fitting Model
2020-08-24 16:27:55,300:INFO:Evaluating Metrics
2020-08-24 16:27:55,409:INFO:No inverse transformer found
2020-08-24 16:27:55,409:INFO:Compiling Metrics
2020-08-24 16:27:55,435:INFO:Initializing Fold 5
2020-08-24 16:27:55,465:INFO:Fitting Model
2020-08-24 16:27:56,978:INFO:Evaluating Metrics
2020-08-24 16:27:57,091:INFO:No inverse transformer found
2020-08-24 16:27:57,091:INFO:Compiling Metrics
2020-08-24 16:27:57,126:INFO:Initializing Fold 6
2020-08-24 16:27:57,154:INFO:Fitting Model
2020-08-24 16:27:58,788:INFO:Evaluating Metrics
2020-08-24 16:27:58,911:INFO:No inverse transformer found
2020-08-24 16:27:58,911:INFO:Compiling Metrics
2020-08-24 16:27:58,998:INFO:Initializing Fold 7
2020-08-24 16:27:59,073:INFO:Fitting Model
2020-08-24 16:28:00,966:INFO:Evaluating Metrics
2020-08-24 16:28:01,076:INFO:No inverse transformer found
2020-08-24 16:28:01,076:INFO:Compiling Metrics
2020-08-24 16:28:01,113:INFO:Initializing Fold 8
2020-08-24 16:28:01,156:INFO:Fitting Model
2020-08-24 16:28:03,384:INFO:Evaluating Metrics
2020-08-24 16:28:03,492:INFO:No inverse transformer found
2020-08-24 16:28:03,492:INFO:Compiling Metrics
2020-08-24 16:28:03,512:INFO:Initializing Fold 9
2020-08-24 16:28:03,534:INFO:Fitting Model
2020-08-24 16:28:05,010:INFO:Evaluating Metrics
2020-08-24 16:28:05,119:INFO:No inverse transformer found
2020-08-24 16:28:05,120:INFO:Compiling Metrics
2020-08-24 16:28:05,149:INFO:Initializing Fold 10
2020-08-24 16:28:05,177:INFO:Fitting Model
2020-08-24 16:28:07,296:INFO:Evaluating Metrics
2020-08-24 16:28:07,414:INFO:No inverse transformer found
2020-08-24 16:28:07,415:INFO:Compiling Metrics
2020-08-24 16:28:07,486:INFO:Calculating mean and std
2020-08-24 16:28:07,487:INFO:Creating metrics dataframe
2020-08-24 16:28:07,586:INFO:Initializing Extra Trees Regressor
2020-08-24 16:28:07,614:INFO:Initializing Fold 1
2020-08-24 16:28:07,639:INFO:Fitting Model
2020-08-24 16:28:09,261:INFO:Evaluating Metrics
2020-08-24 16:28:09,369:INFO:No inverse transformer found
2020-08-24 16:28:09,370:INFO:Compiling Metrics
2020-08-24 16:28:09,397:INFO:Initializing Fold 2
2020-08-24 16:28:09,435:INFO:Fitting Model
2020-08-24 16:28:11,671:INFO:Evaluating Metrics
2020-08-24 16:28:11,782:INFO:No inverse transformer found
2020-08-24 16:28:11,782:INFO:Compiling Metrics
2020-08-24 16:28:11,826:INFO:Initializing Fold 3
2020-08-24 16:28:11,854:INFO:Fitting Model
2020-08-24 16:28:13,701:INFO:Evaluating Metrics
2020-08-24 16:28:13,820:INFO:No inverse transformer found
2020-08-24 16:28:13,820:INFO:Compiling Metrics
2020-08-24 16:28:13,856:INFO:Initializing Fold 4
2020-08-24 16:28:13,896:INFO:Fitting Model
2020-08-24 16:28:16,059:INFO:Evaluating Metrics
2020-08-24 16:28:16,167:INFO:No inverse transformer found
2020-08-24 16:28:16,168:INFO:Compiling Metrics
2020-08-24 16:28:16,233:INFO:Initializing Fold 5
2020-08-24 16:28:16,290:INFO:Fitting Model
2020-08-24 16:28:18,053:INFO:Evaluating Metrics
2020-08-24 16:28:18,180:INFO:No inverse transformer found
2020-08-24 16:28:18,180:INFO:Compiling Metrics
2020-08-24 16:28:18,223:INFO:Initializing Fold 6
2020-08-24 16:28:18,279:INFO:Fitting Model
2020-08-24 16:28:20,239:INFO:Evaluating Metrics
2020-08-24 16:28:20,347:INFO:No inverse transformer found
2020-08-24 16:28:20,347:INFO:Compiling Metrics
2020-08-24 16:28:20,379:INFO:Initializing Fold 7
2020-08-24 16:28:20,405:INFO:Fitting Model
2020-08-24 16:28:22,680:INFO:Evaluating Metrics
2020-08-24 16:28:22,795:INFO:No inverse transformer found
2020-08-24 16:28:22,795:INFO:Compiling Metrics
2020-08-24 16:28:22,843:INFO:Initializing Fold 8
2020-08-24 16:28:22,939:INFO:Fitting Model
2020-08-24 16:28:25,224:INFO:Evaluating Metrics
2020-08-24 16:28:25,332:INFO:No inverse transformer found
2020-08-24 16:28:25,333:INFO:Compiling Metrics
2020-08-24 16:28:25,361:INFO:Initializing Fold 9
2020-08-24 16:28:25,390:INFO:Fitting Model
2020-08-24 16:28:26,920:INFO:Evaluating Metrics
2020-08-24 16:28:27,064:INFO:No inverse transformer found
2020-08-24 16:28:27,064:INFO:Compiling Metrics
2020-08-24 16:28:27,113:INFO:Initializing Fold 10
2020-08-24 16:28:27,175:INFO:Fitting Model
2020-08-24 16:28:29,113:INFO:Evaluating Metrics
2020-08-24 16:28:29,221:INFO:No inverse transformer found
2020-08-24 16:28:29,221:INFO:Compiling Metrics
2020-08-24 16:28:29,248:INFO:Calculating mean and std
2020-08-24 16:28:29,249:INFO:Creating metrics dataframe
2020-08-24 16:28:29,329:INFO:Initializing AdaBoost Regressor
2020-08-24 16:28:29,351:INFO:Initializing Fold 1
2020-08-24 16:28:29,377:INFO:Fitting Model
2020-08-24 16:28:29,982:INFO:Evaluating Metrics
2020-08-24 16:28:29,999:INFO:No inverse transformer found
2020-08-24 16:28:29,999:INFO:Compiling Metrics
2020-08-24 16:28:30,024:INFO:Initializing Fold 2
2020-08-24 16:28:30,050:INFO:Fitting Model
2020-08-24 16:28:30,527:INFO:Evaluating Metrics
2020-08-24 16:28:30,542:INFO:No inverse transformer found
2020-08-24 16:28:30,543:INFO:Compiling Metrics
2020-08-24 16:28:30,573:INFO:Initializing Fold 3
2020-08-24 16:28:30,611:INFO:Fitting Model
2020-08-24 16:28:31,074:INFO:Evaluating Metrics
2020-08-24 16:28:31,087:INFO:No inverse transformer found
2020-08-24 16:28:31,088:INFO:Compiling Metrics
2020-08-24 16:28:31,117:INFO:Initializing Fold 4
2020-08-24 16:28:31,166:INFO:Fitting Model
2020-08-24 16:28:31,676:INFO:Evaluating Metrics
2020-08-24 16:28:31,710:INFO:No inverse transformer found
2020-08-24 16:28:31,711:INFO:Compiling Metrics
2020-08-24 16:28:31,783:INFO:Initializing Fold 5
2020-08-24 16:28:31,841:INFO:Fitting Model
2020-08-24 16:28:32,323:INFO:Evaluating Metrics
2020-08-24 16:28:32,339:INFO:No inverse transformer found
2020-08-24 16:28:32,340:INFO:Compiling Metrics
2020-08-24 16:28:32,360:INFO:Initializing Fold 6
2020-08-24 16:28:32,383:INFO:Fitting Model
2020-08-24 16:28:32,937:INFO:Evaluating Metrics
2020-08-24 16:28:32,948:INFO:No inverse transformer found
2020-08-24 16:28:32,949:INFO:Compiling Metrics
2020-08-24 16:28:32,968:INFO:Initializing Fold 7
2020-08-24 16:28:32,986:INFO:Fitting Model
2020-08-24 16:28:33,358:INFO:Evaluating Metrics
2020-08-24 16:28:33,369:INFO:No inverse transformer found
2020-08-24 16:28:33,370:INFO:Compiling Metrics
2020-08-24 16:28:33,391:INFO:Initializing Fold 8
2020-08-24 16:28:33,411:INFO:Fitting Model
2020-08-24 16:28:33,745:INFO:Evaluating Metrics
2020-08-24 16:28:33,765:INFO:No inverse transformer found
2020-08-24 16:28:33,765:INFO:Compiling Metrics
2020-08-24 16:28:33,790:INFO:Initializing Fold 9
2020-08-24 16:28:33,813:INFO:Fitting Model
2020-08-24 16:28:34,265:INFO:Evaluating Metrics
2020-08-24 16:28:34,277:INFO:No inverse transformer found
2020-08-24 16:28:34,277:INFO:Compiling Metrics
2020-08-24 16:28:34,298:INFO:Initializing Fold 10
2020-08-24 16:28:34,326:INFO:Fitting Model
2020-08-24 16:28:34,925:INFO:Evaluating Metrics
2020-08-24 16:28:34,940:INFO:No inverse transformer found
2020-08-24 16:28:34,941:INFO:Compiling Metrics
2020-08-24 16:28:34,975:INFO:Calculating mean and std
2020-08-24 16:28:34,976:INFO:Creating metrics dataframe
2020-08-24 16:28:35,080:INFO:Initializing Gradient Boosting Regressor
2020-08-24 16:28:35,174:INFO:Initializing Fold 1
2020-08-24 16:28:35,243:INFO:Fitting Model
2020-08-24 16:28:35,795:INFO:Evaluating Metrics
2020-08-24 16:28:35,799:INFO:No inverse transformer found
2020-08-24 16:28:35,799:INFO:Compiling Metrics
2020-08-24 16:28:35,827:INFO:Initializing Fold 2
2020-08-24 16:28:35,876:INFO:Fitting Model
2020-08-24 16:28:36,346:INFO:Evaluating Metrics
2020-08-24 16:28:36,352:INFO:No inverse transformer found
2020-08-24 16:28:36,352:INFO:Compiling Metrics
2020-08-24 16:28:36,401:INFO:Initializing Fold 3
2020-08-24 16:28:36,440:INFO:Fitting Model
2020-08-24 16:28:36,982:INFO:Evaluating Metrics
2020-08-24 16:28:36,987:INFO:No inverse transformer found
2020-08-24 16:28:36,987:INFO:Compiling Metrics
2020-08-24 16:28:37,012:INFO:Initializing Fold 4
2020-08-24 16:28:37,054:INFO:Fitting Model
2020-08-24 16:28:37,558:INFO:Evaluating Metrics
2020-08-24 16:28:37,563:INFO:No inverse transformer found
2020-08-24 16:28:37,564:INFO:Compiling Metrics
2020-08-24 16:28:37,589:INFO:Initializing Fold 5
2020-08-24 16:28:37,618:INFO:Fitting Model
2020-08-24 16:28:38,037:INFO:Evaluating Metrics
2020-08-24 16:28:38,041:INFO:No inverse transformer found
2020-08-24 16:28:38,041:INFO:Compiling Metrics
2020-08-24 16:28:38,062:INFO:Initializing Fold 6
2020-08-24 16:28:38,084:INFO:Fitting Model
2020-08-24 16:28:38,519:INFO:Evaluating Metrics
2020-08-24 16:28:38,524:INFO:No inverse transformer found
2020-08-24 16:28:38,525:INFO:Compiling Metrics
2020-08-24 16:28:38,554:INFO:Initializing Fold 7
2020-08-24 16:28:38,587:INFO:Fitting Model
2020-08-24 16:28:39,237:INFO:Evaluating Metrics
2020-08-24 16:28:39,246:INFO:No inverse transformer found
2020-08-24 16:28:39,246:INFO:Compiling Metrics
2020-08-24 16:28:39,371:INFO:Initializing Fold 8
2020-08-24 16:28:39,438:INFO:Fitting Model
2020-08-24 16:28:40,223:INFO:Evaluating Metrics
2020-08-24 16:28:40,236:INFO:No inverse transformer found
2020-08-24 16:28:40,236:INFO:Compiling Metrics
2020-08-24 16:28:40,278:INFO:Initializing Fold 9
2020-08-24 16:28:40,372:INFO:Fitting Model
2020-08-24 16:28:40,867:INFO:Evaluating Metrics
2020-08-24 16:28:40,871:INFO:No inverse transformer found
2020-08-24 16:28:40,871:INFO:Compiling Metrics
2020-08-24 16:28:40,891:INFO:Initializing Fold 10
2020-08-24 16:28:40,908:INFO:Fitting Model
2020-08-24 16:28:41,383:INFO:Evaluating Metrics
2020-08-24 16:28:41,388:INFO:No inverse transformer found
2020-08-24 16:28:41,388:INFO:Compiling Metrics
2020-08-24 16:28:41,409:INFO:Calculating mean and std
2020-08-24 16:28:41,410:INFO:Creating metrics dataframe
2020-08-24 16:28:41,470:INFO:Initializing Extreme Gradient Boosting
2020-08-24 16:28:41,492:INFO:Initializing Fold 1
2020-08-24 16:28:41,514:INFO:Fitting Model
2020-08-24 16:28:42,326:INFO:Evaluating Metrics
2020-08-24 16:28:42,332:INFO:No inverse transformer found
2020-08-24 16:28:42,332:INFO:Compiling Metrics
2020-08-24 16:28:42,356:INFO:Initializing Fold 2
2020-08-24 16:28:42,379:INFO:Fitting Model
2020-08-24 16:28:43,362:INFO:Evaluating Metrics
2020-08-24 16:28:43,368:INFO:No inverse transformer found
2020-08-24 16:28:43,368:INFO:Compiling Metrics
2020-08-24 16:28:43,392:INFO:Initializing Fold 3
2020-08-24 16:28:43,413:INFO:Fitting Model
2020-08-24 16:28:44,135:INFO:Evaluating Metrics
2020-08-24 16:28:44,148:INFO:No inverse transformer found
2020-08-24 16:28:44,148:INFO:Compiling Metrics
2020-08-24 16:28:44,184:INFO:Initializing Fold 4
2020-08-24 16:28:44,220:INFO:Fitting Model
2020-08-24 16:28:45,255:INFO:Evaluating Metrics
2020-08-24 16:28:45,263:INFO:No inverse transformer found
2020-08-24 16:28:45,263:INFO:Compiling Metrics
2020-08-24 16:28:45,300:INFO:Initializing Fold 5
2020-08-24 16:28:45,334:INFO:Fitting Model
2020-08-24 16:28:46,170:INFO:Evaluating Metrics
2020-08-24 16:28:46,180:INFO:No inverse transformer found
2020-08-24 16:28:46,180:INFO:Compiling Metrics
2020-08-24 16:28:46,209:INFO:Initializing Fold 6
2020-08-24 16:28:46,244:INFO:Fitting Model
2020-08-24 16:28:46,987:INFO:Evaluating Metrics
2020-08-24 16:28:46,994:INFO:No inverse transformer found
2020-08-24 16:28:46,995:INFO:Compiling Metrics
2020-08-24 16:28:47,029:INFO:Initializing Fold 7
2020-08-24 16:28:47,060:INFO:Fitting Model
2020-08-24 16:28:47,952:INFO:Evaluating Metrics
2020-08-24 16:28:47,959:INFO:No inverse transformer found
2020-08-24 16:28:47,959:INFO:Compiling Metrics
2020-08-24 16:28:47,987:INFO:Initializing Fold 8
2020-08-24 16:28:48,012:INFO:Fitting Model
2020-08-24 16:28:48,821:INFO:Evaluating Metrics
2020-08-24 16:28:48,833:INFO:No inverse transformer found
2020-08-24 16:28:48,833:INFO:Compiling Metrics
2020-08-24 16:28:48,865:INFO:Initializing Fold 9
2020-08-24 16:28:48,891:INFO:Fitting Model
2020-08-24 16:28:49,536:INFO:Evaluating Metrics
2020-08-24 16:28:49,541:INFO:No inverse transformer found
2020-08-24 16:28:49,541:INFO:Compiling Metrics
2020-08-24 16:28:49,560:INFO:Initializing Fold 10
2020-08-24 16:28:49,580:INFO:Fitting Model
2020-08-24 16:28:50,363:INFO:Evaluating Metrics
2020-08-24 16:28:50,369:INFO:No inverse transformer found
2020-08-24 16:28:50,370:INFO:Compiling Metrics
2020-08-24 16:28:50,392:INFO:Calculating mean and std
2020-08-24 16:28:50,393:INFO:Creating metrics dataframe
2020-08-24 16:28:50,472:INFO:Initializing Light Gradient Boosting Machine
2020-08-24 16:28:50,496:INFO:Initializing Fold 1
2020-08-24 16:28:50,530:INFO:Fitting Model
2020-08-24 16:28:50,776:INFO:Evaluating Metrics
2020-08-24 16:28:50,785:INFO:No inverse transformer found
2020-08-24 16:28:50,785:INFO:Compiling Metrics
2020-08-24 16:28:50,828:INFO:Initializing Fold 2
2020-08-24 16:28:50,858:INFO:Fitting Model
2020-08-24 16:28:51,080:INFO:Evaluating Metrics
2020-08-24 16:28:51,087:INFO:No inverse transformer found
2020-08-24 16:28:51,088:INFO:Compiling Metrics
2020-08-24 16:28:51,116:INFO:Initializing Fold 3
2020-08-24 16:28:51,144:INFO:Fitting Model
2020-08-24 16:28:51,315:INFO:Evaluating Metrics
2020-08-24 16:28:51,323:INFO:No inverse transformer found
2020-08-24 16:28:51,323:INFO:Compiling Metrics
2020-08-24 16:28:51,350:INFO:Initializing Fold 4
2020-08-24 16:28:51,380:INFO:Fitting Model
2020-08-24 16:28:51,522:INFO:Evaluating Metrics
2020-08-24 16:28:51,530:INFO:No inverse transformer found
2020-08-24 16:28:51,531:INFO:Compiling Metrics
2020-08-24 16:28:51,556:INFO:Initializing Fold 5
2020-08-24 16:28:51,585:INFO:Fitting Model
2020-08-24 16:28:51,726:INFO:Evaluating Metrics
2020-08-24 16:28:51,733:INFO:No inverse transformer found
2020-08-24 16:28:51,733:INFO:Compiling Metrics
2020-08-24 16:28:51,758:INFO:Initializing Fold 6
2020-08-24 16:28:51,781:INFO:Fitting Model
2020-08-24 16:28:51,902:INFO:Evaluating Metrics
2020-08-24 16:28:51,911:INFO:No inverse transformer found
2020-08-24 16:28:51,911:INFO:Compiling Metrics
2020-08-24 16:28:51,936:INFO:Initializing Fold 7
2020-08-24 16:28:51,972:INFO:Fitting Model
2020-08-24 16:28:52,166:INFO:Evaluating Metrics
2020-08-24 16:28:52,175:INFO:No inverse transformer found
2020-08-24 16:28:52,175:INFO:Compiling Metrics
2020-08-24 16:28:52,200:INFO:Initializing Fold 8
2020-08-24 16:28:52,224:INFO:Fitting Model
2020-08-24 16:28:52,413:INFO:Evaluating Metrics
2020-08-24 16:28:52,422:INFO:No inverse transformer found
2020-08-24 16:28:52,422:INFO:Compiling Metrics
2020-08-24 16:28:52,450:INFO:Initializing Fold 9
2020-08-24 16:28:52,482:INFO:Fitting Model
2020-08-24 16:28:52,624:INFO:Evaluating Metrics
2020-08-24 16:28:52,633:INFO:No inverse transformer found
2020-08-24 16:28:52,634:INFO:Compiling Metrics
2020-08-24 16:28:52,684:INFO:Initializing Fold 10
2020-08-24 16:28:52,729:INFO:Fitting Model
2020-08-24 16:28:52,903:INFO:Evaluating Metrics
2020-08-24 16:28:52,913:INFO:No inverse transformer found
2020-08-24 16:28:52,913:INFO:Compiling Metrics
2020-08-24 16:28:52,968:INFO:Calculating mean and std
2020-08-24 16:28:52,969:INFO:Creating metrics dataframe
2020-08-24 16:28:53,104:INFO:Initializing CatBoost Regressor
2020-08-24 16:28:53,146:INFO:Initializing Fold 1
2020-08-24 16:28:53,181:INFO:Fitting Model
2020-08-24 16:29:00,605:INFO:Evaluating Metrics
2020-08-24 16:29:00,621:INFO:No inverse transformer found
2020-08-24 16:29:00,621:INFO:Compiling Metrics
2020-08-24 16:29:00,680:INFO:Initializing Fold 2
2020-08-24 16:29:00,725:INFO:Fitting Model
2020-08-24 16:29:08,133:INFO:Evaluating Metrics
2020-08-24 16:29:08,153:INFO:No inverse transformer found
2020-08-24 16:29:08,154:INFO:Compiling Metrics
2020-08-24 16:29:08,184:INFO:Initializing Fold 3
2020-08-24 16:29:08,204:INFO:Fitting Model
2020-08-24 16:29:15,745:INFO:Evaluating Metrics
2020-08-24 16:29:15,771:INFO:No inverse transformer found
2020-08-24 16:29:15,772:INFO:Compiling Metrics
2020-08-24 16:29:15,859:INFO:Initializing Fold 4
2020-08-24 16:29:15,934:INFO:Fitting Model
2020-08-24 16:29:24,417:INFO:Evaluating Metrics
2020-08-24 16:29:24,445:INFO:No inverse transformer found
2020-08-24 16:29:24,446:INFO:Compiling Metrics
2020-08-24 16:29:24,571:INFO:Initializing Fold 5
2020-08-24 16:29:24,656:INFO:Fitting Model
2020-08-24 16:29:31,186:INFO:Evaluating Metrics
2020-08-24 16:29:31,238:INFO:No inverse transformer found
2020-08-24 16:29:31,238:INFO:Compiling Metrics
2020-08-24 16:29:31,324:INFO:Initializing Fold 6
2020-08-24 16:29:31,376:INFO:Fitting Model
2020-08-24 16:29:38,432:INFO:Evaluating Metrics
2020-08-24 16:29:38,446:INFO:No inverse transformer found
2020-08-24 16:29:38,446:INFO:Compiling Metrics
2020-08-24 16:29:38,473:INFO:Initializing Fold 7
2020-08-24 16:29:38,517:INFO:Fitting Model
2020-08-24 16:29:44,631:INFO:Evaluating Metrics
2020-08-24 16:29:44,686:INFO:No inverse transformer found
2020-08-24 16:29:44,686:INFO:Compiling Metrics
2020-08-24 16:29:44,790:INFO:Initializing Fold 8
2020-08-24 16:29:44,836:INFO:Fitting Model
2020-08-24 16:29:50,415:INFO:Evaluating Metrics
2020-08-24 16:29:50,422:INFO:No inverse transformer found
2020-08-24 16:29:50,422:INFO:Compiling Metrics
2020-08-24 16:29:50,461:INFO:Initializing Fold 9
2020-08-24 16:29:50,491:INFO:Fitting Model
2020-08-24 16:29:55,993:INFO:Evaluating Metrics
2020-08-24 16:29:56,011:INFO:No inverse transformer found
2020-08-24 16:29:56,011:INFO:Compiling Metrics
2020-08-24 16:29:56,039:INFO:Initializing Fold 10
2020-08-24 16:29:56,069:INFO:Fitting Model
2020-08-24 16:30:01,317:INFO:Evaluating Metrics
2020-08-24 16:30:01,323:INFO:No inverse transformer found
2020-08-24 16:30:01,323:INFO:Compiling Metrics
2020-08-24 16:30:01,351:INFO:Calculating mean and std
2020-08-24 16:30:01,352:INFO:Creating metrics dataframe
2020-08-24 16:30:01,459:INFO:Finalizing top_n models
2020-08-24 16:30:01,460:INFO:SubProcess create_model() called ==================================
2020-08-24 16:30:01,492:INFO:Initializing create_model()
2020-08-24 16:30:01,492:INFO:create_model(estimator=catboost, ensemble=False, method=None, fold=10, round=4, cross_validation=True, verbose=False, system=False)
2020-08-24 16:30:01,492:INFO:Checking exceptions
2020-08-24 16:30:01,492:INFO:Preloading libraries
2020-08-24 16:30:01,492:INFO:Preparing display monitor
2020-08-24 16:30:01,526:INFO:Copying training dataset
2020-08-24 16:30:01,528:INFO:Importing libraries
2020-08-24 16:30:01,529:INFO:Defining folds
2020-08-24 16:30:01,529:INFO:Declaring metric variables
2020-08-24 16:30:01,530:INFO:CatBoost Regressor Imported succesfully
2020-08-24 16:30:01,531:INFO:Checking ensemble method
2020-08-24 16:30:01,532:INFO:Initializing Fold 1
2020-08-24 16:30:01,535:INFO:Fitting Model
2020-08-24 16:30:06,567:INFO:Evaluating Metrics
2020-08-24 16:30:06,580:INFO:No inverse transformation
2020-08-24 16:30:06,580:INFO:Compiling Metrics
2020-08-24 16:30:06,594:INFO:Initializing Fold 2
2020-08-24 16:30:06,598:INFO:Fitting Model
2020-08-24 16:30:11,200:INFO:Evaluating Metrics
2020-08-24 16:30:11,211:INFO:No inverse transformation
2020-08-24 16:30:11,211:INFO:Compiling Metrics
2020-08-24 16:30:11,223:INFO:Initializing Fold 3
2020-08-24 16:30:11,228:INFO:Fitting Model
2020-08-24 16:30:18,592:INFO:Evaluating Metrics
2020-08-24 16:30:18,614:INFO:No inverse transformation
2020-08-24 16:30:18,614:INFO:Compiling Metrics
2020-08-24 16:30:18,655:INFO:Initializing Fold 4
2020-08-24 16:30:18,670:INFO:Fitting Model
2020-08-24 16:30:26,454:INFO:Evaluating Metrics
2020-08-24 16:30:26,462:INFO:No inverse transformation
2020-08-24 16:30:26,462:INFO:Compiling Metrics
2020-08-24 16:30:26,477:INFO:Initializing Fold 5
2020-08-24 16:30:26,480:INFO:Fitting Model
2020-08-24 16:30:33,104:INFO:Evaluating Metrics
2020-08-24 16:30:33,114:INFO:No inverse transformation
2020-08-24 16:30:33,114:INFO:Compiling Metrics
2020-08-24 16:30:33,127:INFO:Initializing Fold 6
2020-08-24 16:30:33,130:INFO:Fitting Model
2020-08-24 16:30:39,364:INFO:Evaluating Metrics
2020-08-24 16:30:39,374:INFO:No inverse transformation
2020-08-24 16:30:39,375:INFO:Compiling Metrics
2020-08-24 16:30:39,392:INFO:Initializing Fold 7
2020-08-24 16:30:39,395:INFO:Fitting Model
2020-08-24 16:30:47,141:INFO:Evaluating Metrics
2020-08-24 16:30:47,192:INFO:No inverse transformation
2020-08-24 16:30:47,192:INFO:Compiling Metrics
2020-08-24 16:30:47,239:INFO:Initializing Fold 8
2020-08-24 16:30:47,244:INFO:Fitting Model
2020-08-24 16:30:53,536:INFO:Evaluating Metrics
2020-08-24 16:30:53,541:INFO:No inverse transformation
2020-08-24 16:30:53,541:INFO:Compiling Metrics
2020-08-24 16:30:53,555:INFO:Initializing Fold 9
2020-08-24 16:30:53,559:INFO:Fitting Model
2020-08-24 16:30:59,866:INFO:Evaluating Metrics
2020-08-24 16:30:59,871:INFO:No inverse transformation
2020-08-24 16:30:59,871:INFO:Compiling Metrics
2020-08-24 16:30:59,881:INFO:Initializing Fold 10
2020-08-24 16:30:59,884:INFO:Fitting Model
2020-08-24 16:31:05,201:INFO:Evaluating Metrics
2020-08-24 16:31:05,207:INFO:No inverse transformation
2020-08-24 16:31:05,207:INFO:Compiling Metrics
2020-08-24 16:31:05,221:INFO:Calculating mean and std
2020-08-24 16:31:05,224:INFO:Creating metrics dataframe
2020-08-24 16:31:05,232:INFO:Finalizing model
2020-08-24 16:31:14,355:INFO:Uploading results into container
2020-08-24 16:31:14,355:INFO:Uploading model into container
2020-08-24 16:31:14,355:INFO:create_model_container: 1
2020-08-24 16:31:14,355:INFO:master_model_container: 1
2020-08-24 16:31:14,355:INFO:display_container: 1
2020-08-24 16:31:14,356:INFO:<catboost.core.CatBoostRegressor object at 0x7f4d386ea6a0>
2020-08-24 16:31:14,356:INFO:create_model() succesfully completed......................................
2020-08-24 16:31:14,357:INFO:SubProcess create_model() end ==================================
2020-08-24 16:31:14,601:INFO:create_model_container: 1
2020-08-24 16:31:14,601:INFO:master_model_container: 1
2020-08-24 16:31:14,601:INFO:display_container: 2
2020-08-24 16:31:14,601:INFO:<catboost.core.CatBoostRegressor object at 0x7f4d386ea6a0>
2020-08-24 16:31:14,601:INFO:compare_models() succesfully completed......................................
